{"C:\\Users\\Acer\\Desktop\\csTests\\dist\\index.js": {"path":"C:\\Users\\Acer\\Desktop\\csTests\\dist\\index.js","statementMap":{"0":{"start":{"line":2,"column":22},"end":{"line":12,"column":3}},"1":{"start":{"line":3,"column":4},"end":{"line":3,"column":33}},"2":{"start":{"line":3,"column":26},"end":{"line":3,"column":33}},"3":{"start":{"line":4,"column":15},"end":{"line":4,"column":52}},"4":{"start":{"line":5,"column":4},"end":{"line":7,"column":5}},"5":{"start":{"line":6,"column":6},"end":{"line":6,"column":68}},"6":{"start":{"line":6,"column":51},"end":{"line":6,"column":63}},"7":{"start":{"line":8,"column":4},"end":{"line":8,"column":39}},"8":{"start":{"line":10,"column":4},"end":{"line":10,"column":33}},"9":{"start":{"line":10,"column":26},"end":{"line":10,"column":33}},"10":{"start":{"line":11,"column":4},"end":{"line":11,"column":17}},"11":{"start":{"line":13,"column":25},"end":{"line":17,"column":2}},"12":{"start":{"line":14,"column":4},"end":{"line":14,"column":72}},"13":{"start":{"line":16,"column":4},"end":{"line":16,"column":21}},"14":{"start":{"line":18,"column":19},"end":{"line":24,"column":1}},"15":{"start":{"line":19,"column":4},"end":{"line":19,"column":42}},"16":{"start":{"line":19,"column":31},"end":{"line":19,"column":42}},"17":{"start":{"line":20,"column":17},"end":{"line":20,"column":19}},"18":{"start":{"line":21,"column":4},"end":{"line":21,"column":141}},"19":{"start":{"line":21,"column":21},"end":{"line":21,"column":141}},"20":{"start":{"line":21,"column":40},"end":{"line":21,"column":141}},"21":{"start":{"line":21,"column":109},"end":{"line":21,"column":141}},"22":{"start":{"line":22,"column":4},"end":{"line":22,"column":36}},"23":{"start":{"line":23,"column":4},"end":{"line":23,"column":18}},"24":{"start":{"line":25,"column":22},"end":{"line":27,"column":1}},"25":{"start":{"line":26,"column":4},"end":{"line":26,"column":62}},"26":{"start":{"line":28,"column":0},"end":{"line":28,"column":62}},"27":{"start":{"line":29,"column":0},"end":{"line":29,"column":57}},"28":{"start":{"line":30,"column":19},"end":{"line":30,"column":55}},"29":{"start":{"line":31,"column":18},"end":{"line":31,"column":53}},"30":{"start":{"line":32,"column":17},"end":{"line":32,"column":51}},"31":{"start":{"line":33,"column":15},"end":{"line":33,"column":47}},"32":{"start":{"line":34,"column":0},"end":{"line":34,"column":26}},"33":{"start":{"line":35,"column":12},"end":{"line":35,"column":36}},"34":{"start":{"line":36,"column":0},"end":{"line":36,"column":18}},"35":{"start":{"line":37,"column":0},"end":{"line":37,"column":31}},"36":{"start":{"line":38,"column":13},"end":{"line":38,"column":37}},"37":{"start":{"line":39,"column":0},"end":{"line":39,"column":20}},"38":{"start":{"line":40,"column":17},"end":{"line":40,"column":43}},"39":{"start":{"line":41,"column":19},"end":{"line":41,"column":47}},"40":{"start":{"line":42,"column":0},"end":{"line":42,"column":32}},"41":{"start":{"line":43,"column":0},"end":{"line":45,"column":1}},"42":{"start":{"line":44,"column":4},"end":{"line":44,"column":21}},"43":{"start":{"line":46,"column":0},"end":{"line":46,"column":37}},"44":{"start":{"line":48,"column":18},"end":{"line":48,"column":36}},"45":{"start":{"line":49,"column":0},"end":{"line":49,"column":79}},"46":{"start":{"line":50,"column":0},"end":{"line":50,"column":45}},"47":{"start":{"line":51,"column":24},"end":{"line":51,"column":74}},"48":{"start":{"line":52,"column":21},"end":{"line":52,"column":68}},"49":{"start":{"line":53,"column":22},"end":{"line":53,"column":70}},"50":{"start":{"line":54,"column":21},"end":{"line":54,"column":68}},"51":{"start":{"line":55,"column":22},"end":{"line":55,"column":72}},"52":{"start":{"line":56,"column":0},"end":{"line":56,"column":102}},"53":{"start":{"line":57,"column":0},"end":{"line":57,"column":41}},"54":{"start":{"line":58,"column":0},"end":{"line":58,"column":44}},"55":{"start":{"line":59,"column":0},"end":{"line":59,"column":50}},"56":{"start":{"line":60,"column":0},"end":{"line":60,"column":44}}},"fnMap":{"0":{"name":"(anonymous_0)","decl":{"start":{"line":2,"column":74},"end":{"line":2,"column":75}},"loc":{"start":{"line":2,"column":96},"end":{"line":9,"column":1}},"line":2},"1":{"name":"(anonymous_1)","decl":{"start":{"line":6,"column":38},"end":{"line":6,"column":39}},"loc":{"start":{"line":6,"column":49},"end":{"line":6,"column":65}},"line":6},"2":{"name":"(anonymous_2)","decl":{"start":{"line":9,"column":6},"end":{"line":9,"column":7}},"loc":{"start":{"line":9,"column":28},"end":{"line":12,"column":1}},"line":9},"3":{"name":"(anonymous_3)","decl":{"start":{"line":13,"column":80},"end":{"line":13,"column":81}},"loc":{"start":{"line":13,"column":95},"end":{"line":15,"column":1}},"line":13},"4":{"name":"(anonymous_4)","decl":{"start":{"line":15,"column":5},"end":{"line":15,"column":6}},"loc":{"start":{"line":15,"column":20},"end":{"line":17,"column":1}},"line":15},"5":{"name":"(anonymous_5)","decl":{"start":{"line":18,"column":50},"end":{"line":18,"column":51}},"loc":{"start":{"line":18,"column":65},"end":{"line":24,"column":1}},"line":18},"6":{"name":"(anonymous_6)","decl":{"start":{"line":25,"column":56},"end":{"line":25,"column":57}},"loc":{"start":{"line":25,"column":71},"end":{"line":27,"column":1}},"line":25}},"branchMap":{"0":{"loc":{"start":{"line":2,"column":22},"end":{"line":12,"column":3}},"type":"binary-expr","locations":[{"start":{"line":2,"column":23},"end":{"line":2,"column":27}},{"start":{"line":2,"column":31},"end":{"line":2,"column":51}},{"start":{"line":2,"column":57},"end":{"line":12,"column":2}}],"line":2},"1":{"loc":{"start":{"line":2,"column":57},"end":{"line":12,"column":2}},"type":"cond-expr","locations":[{"start":{"line":2,"column":74},"end":{"line":9,"column":1}},{"start":{"line":9,"column":6},"end":{"line":12,"column":1}}],"line":2},"2":{"loc":{"start":{"line":3,"column":4},"end":{"line":3,"column":33}},"type":"if","locations":[{"start":{"line":3,"column":4},"end":{"line":3,"column":33}},{"start":{},"end":{}}],"line":3},"3":{"loc":{"start":{"line":5,"column":4},"end":{"line":7,"column":5}},"type":"if","locations":[{"start":{"line":5,"column":4},"end":{"line":7,"column":5}},{"start":{},"end":{}}],"line":5},"4":{"loc":{"start":{"line":5,"column":8},"end":{"line":5,"column":85}},"type":"binary-expr","locations":[{"start":{"line":5,"column":8},"end":{"line":5,"column":13}},{"start":{"line":5,"column":18},"end":{"line":5,"column":84}}],"line":5},"5":{"loc":{"start":{"line":5,"column":18},"end":{"line":5,"column":84}},"type":"cond-expr","locations":[{"start":{"line":5,"column":34},"end":{"line":5,"column":47}},{"start":{"line":5,"column":50},"end":{"line":5,"column":84}}],"line":5},"6":{"loc":{"start":{"line":5,"column":50},"end":{"line":5,"column":84}},"type":"binary-expr","locations":[{"start":{"line":5,"column":50},"end":{"line":5,"column":63}},{"start":{"line":5,"column":67},"end":{"line":5,"column":84}}],"line":5},"7":{"loc":{"start":{"line":10,"column":4},"end":{"line":10,"column":33}},"type":"if","locations":[{"start":{"line":10,"column":4},"end":{"line":10,"column":33}},{"start":{},"end":{}}],"line":10},"8":{"loc":{"start":{"line":13,"column":25},"end":{"line":17,"column":2}},"type":"binary-expr","locations":[{"start":{"line":13,"column":26},"end":{"line":13,"column":30}},{"start":{"line":13,"column":34},"end":{"line":13,"column":57}},{"start":{"line":13,"column":63},"end":{"line":17,"column":1}}],"line":13},"9":{"loc":{"start":{"line":13,"column":63},"end":{"line":17,"column":1}},"type":"cond-expr","locations":[{"start":{"line":13,"column":80},"end":{"line":15,"column":1}},{"start":{"line":15,"column":5},"end":{"line":17,"column":1}}],"line":13},"10":{"loc":{"start":{"line":18,"column":19},"end":{"line":24,"column":1}},"type":"binary-expr","locations":[{"start":{"line":18,"column":20},"end":{"line":18,"column":24}},{"start":{"line":18,"column":28},"end":{"line":18,"column":45}},{"start":{"line":18,"column":50},"end":{"line":24,"column":1}}],"line":18},"11":{"loc":{"start":{"line":19,"column":4},"end":{"line":19,"column":42}},"type":"if","locations":[{"start":{"line":19,"column":4},"end":{"line":19,"column":42}},{"start":{},"end":{}}],"line":19},"12":{"loc":{"start":{"line":19,"column":8},"end":{"line":19,"column":29}},"type":"binary-expr","locations":[{"start":{"line":19,"column":8},"end":{"line":19,"column":11}},{"start":{"line":19,"column":15},"end":{"line":19,"column":29}}],"line":19},"13":{"loc":{"start":{"line":21,"column":4},"end":{"line":21,"column":141}},"type":"if","locations":[{"start":{"line":21,"column":4},"end":{"line":21,"column":141}},{"start":{},"end":{}}],"line":21},"14":{"loc":{"start":{"line":21,"column":40},"end":{"line":21,"column":141}},"type":"if","locations":[{"start":{"line":21,"column":40},"end":{"line":21,"column":141}},{"start":{},"end":{}}],"line":21},"15":{"loc":{"start":{"line":21,"column":44},"end":{"line":21,"column":107}},"type":"binary-expr","locations":[{"start":{"line":21,"column":44},"end":{"line":21,"column":59}},{"start":{"line":21,"column":63},"end":{"line":21,"column":107}}],"line":21},"16":{"loc":{"start":{"line":25,"column":22},"end":{"line":27,"column":1}},"type":"binary-expr","locations":[{"start":{"line":25,"column":23},"end":{"line":25,"column":27}},{"start":{"line":25,"column":31},"end":{"line":25,"column":51}},{"start":{"line":25,"column":56},"end":{"line":27,"column":1}}],"line":25},"17":{"loc":{"start":{"line":26,"column":11},"end":{"line":26,"column":61}},"type":"cond-expr","locations":[{"start":{"line":26,"column":37},"end":{"line":26,"column":40}},{"start":{"line":26,"column":43},"end":{"line":26,"column":61}}],"line":26},"18":{"loc":{"start":{"line":26,"column":12},"end":{"line":26,"column":33}},"type":"binary-expr","locations":[{"start":{"line":26,"column":12},"end":{"line":26,"column":15}},{"start":{"line":26,"column":19},"end":{"line":26,"column":33}}],"line":26},"19":{"loc":{"start":{"line":38,"column":13},"end":{"line":38,"column":37}},"type":"binary-expr","locations":[{"start":{"line":38,"column":13},"end":{"line":38,"column":29}},{"start":{"line":38,"column":33},"end":{"line":38,"column":37}}],"line":38},"20":{"loc":{"start":{"line":40,"column":17},"end":{"line":40,"column":43}},"type":"binary-expr","locations":[{"start":{"line":40,"column":17},"end":{"line":40,"column":37}},{"start":{"line":40,"column":41},"end":{"line":40,"column":43}}],"line":40},"21":{"loc":{"start":{"line":41,"column":19},"end":{"line":41,"column":47}},"type":"binary-expr","locations":[{"start":{"line":41,"column":19},"end":{"line":41,"column":41}},{"start":{"line":41,"column":45},"end":{"line":41,"column":47}}],"line":41},"22":{"loc":{"start":{"line":43,"column":0},"end":{"line":45,"column":1}},"type":"if","locations":[{"start":{"line":43,"column":0},"end":{"line":45,"column":1}},{"start":{},"end":{}}],"line":43}},"s":{"0":1,"1":0,"2":0,"3":0,"4":0,"5":0,"6":0,"7":0,"8":0,"9":0,"10":0,"11":1,"12":0,"13":0,"14":1,"15":1,"16":1,"17":0,"18":0,"19":0,"20":0,"21":0,"22":0,"23":0,"24":1,"25":8,"26":1,"27":1,"28":1,"29":1,"30":1,"31":1,"32":1,"33":1,"34":1,"35":1,"36":1,"37":1,"38":1,"39":1,"40":1,"41":1,"42":0,"43":1,"44":1,"45":1,"46":1,"47":1,"48":1,"49":1,"50":1,"51":1,"52":1,"53":1,"54":1,"55":1,"56":1},"f":{"0":0,"1":0,"2":0,"3":0,"4":0,"5":1,"6":8},"b":{"0":[1,1,1],"1":[1,0],"2":[0,0],"3":[0,0],"4":[0,0],"5":[0,0],"6":[0,0],"7":[0,0],"8":[1,1,1],"9":[1,0],"10":[1,1,1],"11":[1,0],"12":[1,1],"13":[0,0],"14":[0,0],"15":[0,0],"16":[1,1,1],"17":[4,4],"18":[8,8],"19":[1,0],"20":[1,0],"21":[1,0],"22":[0,1]},"_coverageSchema":"1a1c01bbd47fc00a2c39e90264f33305004495a9","hash":"ab07aae872269c7b4cbeb9854d88bce92b1a458e"}
,"C:\\Users\\Acer\\Desktop\\csTests\\dist\\controllers\\adminAuthentication.js": {"path":"C:\\Users\\Acer\\Desktop\\csTests\\dist\\controllers\\adminAuthentication.js","statementMap":{"0":{"start":{"line":2,"column":0},"end":{"line":2,"column":62}},"1":{"start":{"line":3,"column":23},"end":{"line":3,"column":46}},"2":{"start":{"line":4,"column":12},"end":{"line":4,"column":25}},"3":{"start":{"line":5,"column":26},"end":{"line":17,"column":1}},"4":{"start":{"line":6,"column":33},"end":{"line":6,"column":41}},"5":{"start":{"line":7,"column":4},"end":{"line":16,"column":36}},"6":{"start":{"line":10,"column":20},"end":{"line":12,"column":26}},"7":{"start":{"line":13,"column":8},"end":{"line":13,"column":47}},"8":{"start":{"line":16,"column":8},"end":{"line":16,"column":36}},"9":{"start":{"line":18,"column":0},"end":{"line":18,"column":38}}},"fnMap":{"0":{"name":"(anonymous_0)","decl":{"start":{"line":5,"column":26},"end":{"line":5,"column":27}},"loc":{"start":{"line":5,"column":40},"end":{"line":17,"column":1}},"line":5}},"branchMap":{"0":{"loc":{"start":{"line":7,"column":4},"end":{"line":16,"column":36}},"type":"if","locations":[{"start":{"line":7,"column":4},"end":{"line":16,"column":36}},{"start":{"line":16,"column":8},"end":{"line":16,"column":36}}],"line":7},"1":{"loc":{"start":{"line":7,"column":8},"end":{"line":9,"column":43}},"type":"binary-expr","locations":[{"start":{"line":7,"column":8},"end":{"line":7,"column":34}},{"start":{"line":9,"column":12},"end":{"line":9,"column":43}}],"line":7}},"s":{"0":1,"1":1,"2":1,"3":1,"4":1,"5":1,"6":1,"7":1,"8":0,"9":1},"f":{"0":1},"b":{"0":[1,0],"1":[1,1]},"_coverageSchema":"1a1c01bbd47fc00a2c39e90264f33305004495a9","hash":"69c50c35ca41595b6c2f8dd98a1f44382d2dd6e0"}
,"C:\\Users\\Acer\\Desktop\\csTests\\dist\\controllers\\adminAuthorization.js": {"path":"C:\\Users\\Acer\\Desktop\\csTests\\dist\\controllers\\adminAuthorization.js","statementMap":{"0":{"start":{"line":2,"column":0},"end":{"line":2,"column":62}},"1":{"start":{"line":3,"column":23},"end":{"line":3,"column":46}},"2":{"start":{"line":4,"column":12},"end":{"line":4,"column":25}},"3":{"start":{"line":5,"column":25},"end":{"line":15,"column":1}},"4":{"start":{"line":6,"column":26},"end":{"line":6,"column":37}},"5":{"start":{"line":7,"column":4},"end":{"line":14,"column":7}},"6":{"start":{"line":8,"column":8},"end":{"line":13,"column":50}},"7":{"start":{"line":9,"column":12},"end":{"line":9,"column":50}},"8":{"start":{"line":10,"column":13},"end":{"line":13,"column":50}},"9":{"start":{"line":11,"column":12},"end":{"line":11,"column":19}},"10":{"start":{"line":13,"column":12},"end":{"line":13,"column":50}},"11":{"start":{"line":16,"column":0},"end":{"line":16,"column":37}}},"fnMap":{"0":{"name":"(anonymous_0)","decl":{"start":{"line":5,"column":25},"end":{"line":5,"column":26}},"loc":{"start":{"line":5,"column":45},"end":{"line":15,"column":1}},"line":5},"1":{"name":"(anonymous_1)","decl":{"start":{"line":7,"column":60},"end":{"line":7,"column":61}},"loc":{"start":{"line":7,"column":78},"end":{"line":14,"column":5}},"line":7}},"branchMap":{"0":{"loc":{"start":{"line":8,"column":8},"end":{"line":13,"column":50}},"type":"if","locations":[{"start":{"line":8,"column":8},"end":{"line":13,"column":50}},{"start":{"line":10,"column":13},"end":{"line":13,"column":50}}],"line":8},"1":{"loc":{"start":{"line":10,"column":13},"end":{"line":13,"column":50}},"type":"if","locations":[{"start":{"line":10,"column":13},"end":{"line":13,"column":50}},{"start":{"line":13,"column":12},"end":{"line":13,"column":50}}],"line":10}},"s":{"0":1,"1":1,"2":1,"3":1,"4":8,"5":8,"6":8,"7":0,"8":8,"9":8,"10":0,"11":1},"f":{"0":8,"1":8},"b":{"0":[0,8],"1":[8,0]},"_coverageSchema":"1a1c01bbd47fc00a2c39e90264f33305004495a9","hash":"7eb7b0a7dac2643d7a6dd6354a8d48d39aef071f"}
,"C:\\Users\\Acer\\Desktop\\csTests\\dist\\controllers\\deleteArticle.js": {"path":"C:\\Users\\Acer\\Desktop\\csTests\\dist\\controllers\\deleteArticle.js","statementMap":{"0":{"start":{"line":2,"column":16},"end":{"line":10,"column":1}},"1":{"start":{"line":3,"column":28},"end":{"line":3,"column":110}},"2":{"start":{"line":3,"column":91},"end":{"line":3,"column":106}},"3":{"start":{"line":4,"column":4},"end":{"line":9,"column":7}},"4":{"start":{"line":5,"column":36},"end":{"line":5,"column":97}},"5":{"start":{"line":5,"column":42},"end":{"line":5,"column":70}},"6":{"start":{"line":5,"column":85},"end":{"line":5,"column":95}},"7":{"start":{"line":6,"column":35},"end":{"line":6,"column":100}},"8":{"start":{"line":6,"column":41},"end":{"line":6,"column":73}},"9":{"start":{"line":6,"column":88},"end":{"line":6,"column":98}},"10":{"start":{"line":7,"column":32},"end":{"line":7,"column":116}},"11":{"start":{"line":8,"column":8},"end":{"line":8,"column":78}},"12":{"start":{"line":11,"column":22},"end":{"line":13,"column":1}},"13":{"start":{"line":12,"column":4},"end":{"line":12,"column":62}},"14":{"start":{"line":14,"column":0},"end":{"line":14,"column":62}},"15":{"start":{"line":15,"column":18},"end":{"line":15,"column":63}},"16":{"start":{"line":16,"column":18},"end":{"line":16,"column":63}},"17":{"start":{"line":17,"column":15},"end":{"line":17,"column":57}},"18":{"start":{"line":18,"column":20},"end":{"line":42,"column":2}},"19":{"start":{"line":18,"column":34},"end":{"line":42,"column":2}},"20":{"start":{"line":19,"column":4},"end":{"line":41,"column":5}},"21":{"start":{"line":20,"column":31},"end":{"line":20,"column":41}},"22":{"start":{"line":21,"column":19},"end":{"line":23,"column":10}},"23":{"start":{"line":24,"column":8},"end":{"line":37,"column":9}},"24":{"start":{"line":25,"column":26},"end":{"line":25,"column":83}},"25":{"start":{"line":26,"column":12},"end":{"line":26,"column":81}},"26":{"start":{"line":27,"column":12},"end":{"line":27,"column":30}},"27":{"start":{"line":29,"column":12},"end":{"line":34,"column":13}},"28":{"start":{"line":29,"column":25},"end":{"line":29,"column":26}},"29":{"start":{"line":30,"column":27},"end":{"line":30,"column":82}},"30":{"start":{"line":31,"column":16},"end":{"line":31,"column":84}},"31":{"start":{"line":32,"column":16},"end":{"line":32,"column":34}},"32":{"start":{"line":33,"column":16},"end":{"line":33,"column":83}},"33":{"start":{"line":35,"column":12},"end":{"line":35,"column":58}},"34":{"start":{"line":36,"column":12},"end":{"line":36,"column":40}},"35":{"start":{"line":40,"column":8},"end":{"line":40,"column":32}},"36":{"start":{"line":43,"column":0},"end":{"line":43,"column":32}}},"fnMap":{"0":{"name":"(anonymous_0)","decl":{"start":{"line":2,"column":44},"end":{"line":2,"column":45}},"loc":{"start":{"line":2,"column":89},"end":{"line":10,"column":1}},"line":2},"1":{"name":"adopt","decl":{"start":{"line":3,"column":13},"end":{"line":3,"column":18}},"loc":{"start":{"line":3,"column":26},"end":{"line":3,"column":112}},"line":3},"2":{"name":"(anonymous_2)","decl":{"start":{"line":3,"column":70},"end":{"line":3,"column":71}},"loc":{"start":{"line":3,"column":89},"end":{"line":3,"column":108}},"line":3},"3":{"name":"(anonymous_3)","decl":{"start":{"line":4,"column":36},"end":{"line":4,"column":37}},"loc":{"start":{"line":4,"column":63},"end":{"line":9,"column":5}},"line":4},"4":{"name":"fulfilled","decl":{"start":{"line":5,"column":17},"end":{"line":5,"column":26}},"loc":{"start":{"line":5,"column":34},"end":{"line":5,"column":99}},"line":5},"5":{"name":"rejected","decl":{"start":{"line":6,"column":17},"end":{"line":6,"column":25}},"loc":{"start":{"line":6,"column":33},"end":{"line":6,"column":102}},"line":6},"6":{"name":"step","decl":{"start":{"line":7,"column":17},"end":{"line":7,"column":21}},"loc":{"start":{"line":7,"column":30},"end":{"line":7,"column":118}},"line":7},"7":{"name":"(anonymous_7)","decl":{"start":{"line":11,"column":56},"end":{"line":11,"column":57}},"loc":{"start":{"line":11,"column":71},"end":{"line":13,"column":1}},"line":11},"8":{"name":"(anonymous_8)","decl":{"start":{"line":18,"column":20},"end":{"line":18,"column":21}},"loc":{"start":{"line":18,"column":34},"end":{"line":42,"column":2}},"line":18},"9":{"name":"(anonymous_9)","decl":{"start":{"line":18,"column":68},"end":{"line":18,"column":69}},"loc":{"start":{"line":18,"column":81},"end":{"line":42,"column":1}},"line":18}},"branchMap":{"0":{"loc":{"start":{"line":2,"column":16},"end":{"line":10,"column":1}},"type":"binary-expr","locations":[{"start":{"line":2,"column":17},"end":{"line":2,"column":21}},{"start":{"line":2,"column":25},"end":{"line":2,"column":39}},{"start":{"line":2,"column":44},"end":{"line":10,"column":1}}],"line":2},"1":{"loc":{"start":{"line":3,"column":35},"end":{"line":3,"column":109}},"type":"cond-expr","locations":[{"start":{"line":3,"column":56},"end":{"line":3,"column":61}},{"start":{"line":3,"column":64},"end":{"line":3,"column":109}}],"line":3},"2":{"loc":{"start":{"line":4,"column":16},"end":{"line":4,"column":34}},"type":"binary-expr","locations":[{"start":{"line":4,"column":16},"end":{"line":4,"column":17}},{"start":{"line":4,"column":22},"end":{"line":4,"column":33}}],"line":4},"3":{"loc":{"start":{"line":7,"column":32},"end":{"line":7,"column":115}},"type":"cond-expr","locations":[{"start":{"line":7,"column":46},"end":{"line":7,"column":67}},{"start":{"line":7,"column":70},"end":{"line":7,"column":115}}],"line":7},"4":{"loc":{"start":{"line":8,"column":51},"end":{"line":8,"column":67}},"type":"binary-expr","locations":[{"start":{"line":8,"column":51},"end":{"line":8,"column":61}},{"start":{"line":8,"column":65},"end":{"line":8,"column":67}}],"line":8},"5":{"loc":{"start":{"line":11,"column":22},"end":{"line":13,"column":1}},"type":"binary-expr","locations":[{"start":{"line":11,"column":23},"end":{"line":11,"column":27}},{"start":{"line":11,"column":31},"end":{"line":11,"column":51}},{"start":{"line":11,"column":56},"end":{"line":13,"column":1}}],"line":11},"6":{"loc":{"start":{"line":12,"column":11},"end":{"line":12,"column":61}},"type":"cond-expr","locations":[{"start":{"line":12,"column":37},"end":{"line":12,"column":40}},{"start":{"line":12,"column":43},"end":{"line":12,"column":61}}],"line":12},"7":{"loc":{"start":{"line":12,"column":12},"end":{"line":12,"column":33}},"type":"binary-expr","locations":[{"start":{"line":12,"column":12},"end":{"line":12,"column":15}},{"start":{"line":12,"column":19},"end":{"line":12,"column":33}}],"line":12},"8":{"loc":{"start":{"line":24,"column":8},"end":{"line":37,"column":9}},"type":"if","locations":[{"start":{"line":24,"column":8},"end":{"line":37,"column":9}},{"start":{},"end":{}}],"line":24}},"s":{"0":1,"1":4,"2":3,"3":1,"4":4,"5":4,"6":0,"7":0,"8":0,"9":0,"10":5,"11":1,"12":1,"13":3,"14":1,"15":1,"16":1,"17":1,"18":1,"19":1,"20":1,"21":1,"22":1,"23":1,"24":1,"25":1,"26":1,"27":1,"28":1,"29":0,"30":0,"31":0,"32":0,"33":1,"34":1,"35":0,"36":1},"f":{"0":1,"1":4,"2":3,"3":1,"4":4,"5":0,"6":5,"7":3,"8":1,"9":1},"b":{"0":[1,1,1],"1":[1,3],"2":[1,1],"3":[1,4],"4":[1,1],"5":[1,1,1],"6":[3,0],"7":[3,3],"8":[1,0]},"_coverageSchema":"1a1c01bbd47fc00a2c39e90264f33305004495a9","hash":"2e7373f9857d9e794ffd2c5f520a853325c50d40"}
,"C:\\Users\\Acer\\Desktop\\csTests\\dist\\controllers\\deleteArticleAdmin.js": {"path":"C:\\Users\\Acer\\Desktop\\csTests\\dist\\controllers\\deleteArticleAdmin.js","statementMap":{"0":{"start":{"line":2,"column":16},"end":{"line":10,"column":1}},"1":{"start":{"line":3,"column":28},"end":{"line":3,"column":110}},"2":{"start":{"line":3,"column":91},"end":{"line":3,"column":106}},"3":{"start":{"line":4,"column":4},"end":{"line":9,"column":7}},"4":{"start":{"line":5,"column":36},"end":{"line":5,"column":97}},"5":{"start":{"line":5,"column":42},"end":{"line":5,"column":70}},"6":{"start":{"line":5,"column":85},"end":{"line":5,"column":95}},"7":{"start":{"line":6,"column":35},"end":{"line":6,"column":100}},"8":{"start":{"line":6,"column":41},"end":{"line":6,"column":73}},"9":{"start":{"line":6,"column":88},"end":{"line":6,"column":98}},"10":{"start":{"line":7,"column":32},"end":{"line":7,"column":116}},"11":{"start":{"line":8,"column":8},"end":{"line":8,"column":78}},"12":{"start":{"line":11,"column":22},"end":{"line":13,"column":1}},"13":{"start":{"line":12,"column":4},"end":{"line":12,"column":62}},"14":{"start":{"line":14,"column":0},"end":{"line":14,"column":62}},"15":{"start":{"line":15,"column":18},"end":{"line":15,"column":63}},"16":{"start":{"line":16,"column":18},"end":{"line":16,"column":63}},"17":{"start":{"line":17,"column":15},"end":{"line":17,"column":57}},"18":{"start":{"line":18,"column":25},"end":{"line":39,"column":2}},"19":{"start":{"line":18,"column":39},"end":{"line":39,"column":2}},"20":{"start":{"line":19,"column":4},"end":{"line":38,"column":5}},"21":{"start":{"line":20,"column":21},"end":{"line":20,"column":31}},"22":{"start":{"line":21,"column":22},"end":{"line":21,"column":79}},"23":{"start":{"line":22,"column":21},"end":{"line":22,"column":38}},"24":{"start":{"line":23,"column":19},"end":{"line":23,"column":56}},"25":{"start":{"line":24,"column":8},"end":{"line":24,"column":77}},"26":{"start":{"line":25,"column":8},"end":{"line":25,"column":26}},"27":{"start":{"line":27,"column":8},"end":{"line":32,"column":9}},"28":{"start":{"line":27,"column":21},"end":{"line":27,"column":22}},"29":{"start":{"line":28,"column":23},"end":{"line":28,"column":78}},"30":{"start":{"line":29,"column":12},"end":{"line":29,"column":80}},"31":{"start":{"line":30,"column":12},"end":{"line":30,"column":30}},"32":{"start":{"line":31,"column":12},"end":{"line":31,"column":79}},"33":{"start":{"line":33,"column":8},"end":{"line":33,"column":54}},"34":{"start":{"line":34,"column":8},"end":{"line":34,"column":36}},"35":{"start":{"line":37,"column":8},"end":{"line":37,"column":32}},"36":{"start":{"line":40,"column":0},"end":{"line":40,"column":37}}},"fnMap":{"0":{"name":"(anonymous_0)","decl":{"start":{"line":2,"column":44},"end":{"line":2,"column":45}},"loc":{"start":{"line":2,"column":89},"end":{"line":10,"column":1}},"line":2},"1":{"name":"adopt","decl":{"start":{"line":3,"column":13},"end":{"line":3,"column":18}},"loc":{"start":{"line":3,"column":26},"end":{"line":3,"column":112}},"line":3},"2":{"name":"(anonymous_2)","decl":{"start":{"line":3,"column":70},"end":{"line":3,"column":71}},"loc":{"start":{"line":3,"column":89},"end":{"line":3,"column":108}},"line":3},"3":{"name":"(anonymous_3)","decl":{"start":{"line":4,"column":36},"end":{"line":4,"column":37}},"loc":{"start":{"line":4,"column":63},"end":{"line":9,"column":5}},"line":4},"4":{"name":"fulfilled","decl":{"start":{"line":5,"column":17},"end":{"line":5,"column":26}},"loc":{"start":{"line":5,"column":34},"end":{"line":5,"column":99}},"line":5},"5":{"name":"rejected","decl":{"start":{"line":6,"column":17},"end":{"line":6,"column":25}},"loc":{"start":{"line":6,"column":33},"end":{"line":6,"column":102}},"line":6},"6":{"name":"step","decl":{"start":{"line":7,"column":17},"end":{"line":7,"column":21}},"loc":{"start":{"line":7,"column":30},"end":{"line":7,"column":118}},"line":7},"7":{"name":"(anonymous_7)","decl":{"start":{"line":11,"column":56},"end":{"line":11,"column":57}},"loc":{"start":{"line":11,"column":71},"end":{"line":13,"column":1}},"line":11},"8":{"name":"(anonymous_8)","decl":{"start":{"line":18,"column":25},"end":{"line":18,"column":26}},"loc":{"start":{"line":18,"column":39},"end":{"line":39,"column":2}},"line":18},"9":{"name":"(anonymous_9)","decl":{"start":{"line":18,"column":73},"end":{"line":18,"column":74}},"loc":{"start":{"line":18,"column":86},"end":{"line":39,"column":1}},"line":18}},"branchMap":{"0":{"loc":{"start":{"line":2,"column":16},"end":{"line":10,"column":1}},"type":"binary-expr","locations":[{"start":{"line":2,"column":17},"end":{"line":2,"column":21}},{"start":{"line":2,"column":25},"end":{"line":2,"column":39}},{"start":{"line":2,"column":44},"end":{"line":10,"column":1}}],"line":2},"1":{"loc":{"start":{"line":3,"column":35},"end":{"line":3,"column":109}},"type":"cond-expr","locations":[{"start":{"line":3,"column":56},"end":{"line":3,"column":61}},{"start":{"line":3,"column":64},"end":{"line":3,"column":109}}],"line":3},"2":{"loc":{"start":{"line":4,"column":16},"end":{"line":4,"column":34}},"type":"binary-expr","locations":[{"start":{"line":4,"column":16},"end":{"line":4,"column":17}},{"start":{"line":4,"column":22},"end":{"line":4,"column":33}}],"line":4},"3":{"loc":{"start":{"line":7,"column":32},"end":{"line":7,"column":115}},"type":"cond-expr","locations":[{"start":{"line":7,"column":46},"end":{"line":7,"column":67}},{"start":{"line":7,"column":70},"end":{"line":7,"column":115}}],"line":7},"4":{"loc":{"start":{"line":8,"column":51},"end":{"line":8,"column":67}},"type":"binary-expr","locations":[{"start":{"line":8,"column":51},"end":{"line":8,"column":61}},{"start":{"line":8,"column":65},"end":{"line":8,"column":67}}],"line":8},"5":{"loc":{"start":{"line":11,"column":22},"end":{"line":13,"column":1}},"type":"binary-expr","locations":[{"start":{"line":11,"column":23},"end":{"line":11,"column":27}},{"start":{"line":11,"column":31},"end":{"line":11,"column":51}},{"start":{"line":11,"column":56},"end":{"line":13,"column":1}}],"line":11},"6":{"loc":{"start":{"line":12,"column":11},"end":{"line":12,"column":61}},"type":"cond-expr","locations":[{"start":{"line":12,"column":37},"end":{"line":12,"column":40}},{"start":{"line":12,"column":43},"end":{"line":12,"column":61}}],"line":12},"7":{"loc":{"start":{"line":12,"column":12},"end":{"line":12,"column":33}},"type":"binary-expr","locations":[{"start":{"line":12,"column":12},"end":{"line":12,"column":15}},{"start":{"line":12,"column":19},"end":{"line":12,"column":33}}],"line":12}},"s":{"0":1,"1":4,"2":3,"3":1,"4":4,"5":4,"6":0,"7":0,"8":0,"9":0,"10":5,"11":1,"12":1,"13":3,"14":1,"15":1,"16":1,"17":1,"18":1,"19":1,"20":1,"21":1,"22":1,"23":1,"24":1,"25":1,"26":1,"27":1,"28":1,"29":0,"30":0,"31":0,"32":0,"33":1,"34":1,"35":0,"36":1},"f":{"0":1,"1":4,"2":3,"3":1,"4":4,"5":0,"6":5,"7":3,"8":1,"9":1},"b":{"0":[1,1,1],"1":[1,3],"2":[1,1],"3":[1,4],"4":[1,1],"5":[1,1,1],"6":[3,0],"7":[3,3]},"_coverageSchema":"1a1c01bbd47fc00a2c39e90264f33305004495a9","hash":"64579f7061f344163be7316701a0c61d504c35d8"}
,"C:\\Users\\Acer\\Desktop\\csTests\\dist\\controllers\\deleteComment.js": {"path":"C:\\Users\\Acer\\Desktop\\csTests\\dist\\controllers\\deleteComment.js","statementMap":{"0":{"start":{"line":2,"column":16},"end":{"line":10,"column":1}},"1":{"start":{"line":3,"column":28},"end":{"line":3,"column":110}},"2":{"start":{"line":3,"column":91},"end":{"line":3,"column":106}},"3":{"start":{"line":4,"column":4},"end":{"line":9,"column":7}},"4":{"start":{"line":5,"column":36},"end":{"line":5,"column":97}},"5":{"start":{"line":5,"column":42},"end":{"line":5,"column":70}},"6":{"start":{"line":5,"column":85},"end":{"line":5,"column":95}},"7":{"start":{"line":6,"column":35},"end":{"line":6,"column":100}},"8":{"start":{"line":6,"column":41},"end":{"line":6,"column":73}},"9":{"start":{"line":6,"column":88},"end":{"line":6,"column":98}},"10":{"start":{"line":7,"column":32},"end":{"line":7,"column":116}},"11":{"start":{"line":8,"column":8},"end":{"line":8,"column":78}},"12":{"start":{"line":11,"column":22},"end":{"line":13,"column":1}},"13":{"start":{"line":12,"column":4},"end":{"line":12,"column":62}},"14":{"start":{"line":14,"column":0},"end":{"line":14,"column":62}},"15":{"start":{"line":15,"column":18},"end":{"line":15,"column":63}},"16":{"start":{"line":16,"column":18},"end":{"line":16,"column":63}},"17":{"start":{"line":17,"column":15},"end":{"line":17,"column":57}},"18":{"start":{"line":18,"column":20},"end":{"line":49,"column":2}},"19":{"start":{"line":18,"column":34},"end":{"line":49,"column":2}},"20":{"start":{"line":19,"column":27},"end":{"line":19,"column":37}},"21":{"start":{"line":20,"column":4},"end":{"line":48,"column":5}},"22":{"start":{"line":22,"column":19},"end":{"line":24,"column":10}},"23":{"start":{"line":26,"column":22},"end":{"line":28,"column":10}},"24":{"start":{"line":30,"column":8},"end":{"line":44,"column":46}},"25":{"start":{"line":32,"column":26},"end":{"line":32,"column":96}},"26":{"start":{"line":34,"column":12},"end":{"line":34,"column":74}},"27":{"start":{"line":35,"column":12},"end":{"line":35,"column":33}},"28":{"start":{"line":37,"column":12},"end":{"line":37,"column":63}},"29":{"start":{"line":38,"column":12},"end":{"line":38,"column":30}},"30":{"start":{"line":40,"column":12},"end":{"line":40,"column":58}},"31":{"start":{"line":41,"column":12},"end":{"line":41,"column":41}},"32":{"start":{"line":44,"column":12},"end":{"line":44,"column":46}},"33":{"start":{"line":47,"column":8},"end":{"line":47,"column":32}},"34":{"start":{"line":50,"column":0},"end":{"line":50,"column":32}}},"fnMap":{"0":{"name":"(anonymous_0)","decl":{"start":{"line":2,"column":44},"end":{"line":2,"column":45}},"loc":{"start":{"line":2,"column":89},"end":{"line":10,"column":1}},"line":2},"1":{"name":"adopt","decl":{"start":{"line":3,"column":13},"end":{"line":3,"column":18}},"loc":{"start":{"line":3,"column":26},"end":{"line":3,"column":112}},"line":3},"2":{"name":"(anonymous_2)","decl":{"start":{"line":3,"column":70},"end":{"line":3,"column":71}},"loc":{"start":{"line":3,"column":89},"end":{"line":3,"column":108}},"line":3},"3":{"name":"(anonymous_3)","decl":{"start":{"line":4,"column":36},"end":{"line":4,"column":37}},"loc":{"start":{"line":4,"column":63},"end":{"line":9,"column":5}},"line":4},"4":{"name":"fulfilled","decl":{"start":{"line":5,"column":17},"end":{"line":5,"column":26}},"loc":{"start":{"line":5,"column":34},"end":{"line":5,"column":99}},"line":5},"5":{"name":"rejected","decl":{"start":{"line":6,"column":17},"end":{"line":6,"column":25}},"loc":{"start":{"line":6,"column":33},"end":{"line":6,"column":102}},"line":6},"6":{"name":"step","decl":{"start":{"line":7,"column":17},"end":{"line":7,"column":21}},"loc":{"start":{"line":7,"column":30},"end":{"line":7,"column":118}},"line":7},"7":{"name":"(anonymous_7)","decl":{"start":{"line":11,"column":56},"end":{"line":11,"column":57}},"loc":{"start":{"line":11,"column":71},"end":{"line":13,"column":1}},"line":11},"8":{"name":"(anonymous_8)","decl":{"start":{"line":18,"column":20},"end":{"line":18,"column":21}},"loc":{"start":{"line":18,"column":34},"end":{"line":49,"column":2}},"line":18},"9":{"name":"(anonymous_9)","decl":{"start":{"line":18,"column":68},"end":{"line":18,"column":69}},"loc":{"start":{"line":18,"column":81},"end":{"line":49,"column":1}},"line":18}},"branchMap":{"0":{"loc":{"start":{"line":2,"column":16},"end":{"line":10,"column":1}},"type":"binary-expr","locations":[{"start":{"line":2,"column":17},"end":{"line":2,"column":21}},{"start":{"line":2,"column":25},"end":{"line":2,"column":39}},{"start":{"line":2,"column":44},"end":{"line":10,"column":1}}],"line":2},"1":{"loc":{"start":{"line":3,"column":35},"end":{"line":3,"column":109}},"type":"cond-expr","locations":[{"start":{"line":3,"column":56},"end":{"line":3,"column":61}},{"start":{"line":3,"column":64},"end":{"line":3,"column":109}}],"line":3},"2":{"loc":{"start":{"line":4,"column":16},"end":{"line":4,"column":34}},"type":"binary-expr","locations":[{"start":{"line":4,"column":16},"end":{"line":4,"column":17}},{"start":{"line":4,"column":22},"end":{"line":4,"column":33}}],"line":4},"3":{"loc":{"start":{"line":7,"column":32},"end":{"line":7,"column":115}},"type":"cond-expr","locations":[{"start":{"line":7,"column":46},"end":{"line":7,"column":67}},{"start":{"line":7,"column":70},"end":{"line":7,"column":115}}],"line":7},"4":{"loc":{"start":{"line":8,"column":51},"end":{"line":8,"column":67}},"type":"binary-expr","locations":[{"start":{"line":8,"column":51},"end":{"line":8,"column":61}},{"start":{"line":8,"column":65},"end":{"line":8,"column":67}}],"line":8},"5":{"loc":{"start":{"line":11,"column":22},"end":{"line":13,"column":1}},"type":"binary-expr","locations":[{"start":{"line":11,"column":23},"end":{"line":11,"column":27}},{"start":{"line":11,"column":31},"end":{"line":11,"column":51}},{"start":{"line":11,"column":56},"end":{"line":13,"column":1}}],"line":11},"6":{"loc":{"start":{"line":12,"column":11},"end":{"line":12,"column":61}},"type":"cond-expr","locations":[{"start":{"line":12,"column":37},"end":{"line":12,"column":40}},{"start":{"line":12,"column":43},"end":{"line":12,"column":61}}],"line":12},"7":{"loc":{"start":{"line":12,"column":12},"end":{"line":12,"column":33}},"type":"binary-expr","locations":[{"start":{"line":12,"column":12},"end":{"line":12,"column":15}},{"start":{"line":12,"column":19},"end":{"line":12,"column":33}}],"line":12},"8":{"loc":{"start":{"line":30,"column":8},"end":{"line":44,"column":46}},"type":"if","locations":[{"start":{"line":30,"column":8},"end":{"line":44,"column":46}},{"start":{"line":44,"column":12},"end":{"line":44,"column":46}}],"line":30}},"s":{"0":1,"1":6,"2":4,"3":1,"4":6,"5":6,"6":0,"7":0,"8":0,"9":0,"10":7,"11":1,"12":1,"13":3,"14":1,"15":1,"16":1,"17":1,"18":1,"19":1,"20":1,"21":1,"22":1,"23":1,"24":1,"25":1,"26":1,"27":1,"28":1,"29":1,"30":1,"31":1,"32":0,"33":0,"34":1},"f":{"0":1,"1":6,"2":4,"3":1,"4":6,"5":0,"6":7,"7":3,"8":1,"9":1},"b":{"0":[1,1,1],"1":[2,4],"2":[1,1],"3":[1,6],"4":[1,1],"5":[1,1,1],"6":[3,0],"7":[3,3],"8":[1,0]},"_coverageSchema":"1a1c01bbd47fc00a2c39e90264f33305004495a9","hash":"5308c265bcd75f2b3984a7e37cd7a3c1f34d0bc9"}
,"C:\\Users\\Acer\\Desktop\\csTests\\dist\\controllers\\deleteCommentAdmin.js": {"path":"C:\\Users\\Acer\\Desktop\\csTests\\dist\\controllers\\deleteCommentAdmin.js","statementMap":{"0":{"start":{"line":2,"column":16},"end":{"line":10,"column":1}},"1":{"start":{"line":3,"column":28},"end":{"line":3,"column":110}},"2":{"start":{"line":3,"column":91},"end":{"line":3,"column":106}},"3":{"start":{"line":4,"column":4},"end":{"line":9,"column":7}},"4":{"start":{"line":5,"column":36},"end":{"line":5,"column":97}},"5":{"start":{"line":5,"column":42},"end":{"line":5,"column":70}},"6":{"start":{"line":5,"column":85},"end":{"line":5,"column":95}},"7":{"start":{"line":6,"column":35},"end":{"line":6,"column":100}},"8":{"start":{"line":6,"column":41},"end":{"line":6,"column":73}},"9":{"start":{"line":6,"column":88},"end":{"line":6,"column":98}},"10":{"start":{"line":7,"column":32},"end":{"line":7,"column":116}},"11":{"start":{"line":8,"column":8},"end":{"line":8,"column":78}},"12":{"start":{"line":11,"column":22},"end":{"line":13,"column":1}},"13":{"start":{"line":12,"column":4},"end":{"line":12,"column":62}},"14":{"start":{"line":14,"column":0},"end":{"line":14,"column":62}},"15":{"start":{"line":15,"column":18},"end":{"line":15,"column":63}},"16":{"start":{"line":16,"column":18},"end":{"line":16,"column":63}},"17":{"start":{"line":17,"column":15},"end":{"line":17,"column":57}},"18":{"start":{"line":18,"column":25},"end":{"line":42,"column":2}},"19":{"start":{"line":18,"column":39},"end":{"line":42,"column":2}},"20":{"start":{"line":19,"column":17},"end":{"line":19,"column":27}},"21":{"start":{"line":20,"column":4},"end":{"line":41,"column":5}},"22":{"start":{"line":22,"column":22},"end":{"line":24,"column":10}},"23":{"start":{"line":26,"column":19},"end":{"line":26,"column":62}},"24":{"start":{"line":28,"column":8},"end":{"line":28,"column":59}},"25":{"start":{"line":29,"column":8},"end":{"line":29,"column":26}},"26":{"start":{"line":31,"column":22},"end":{"line":31,"column":92}},"27":{"start":{"line":33,"column":8},"end":{"line":33,"column":70}},"28":{"start":{"line":34,"column":8},"end":{"line":34,"column":29}},"29":{"start":{"line":36,"column":8},"end":{"line":36,"column":54}},"30":{"start":{"line":37,"column":8},"end":{"line":37,"column":37}},"31":{"start":{"line":40,"column":8},"end":{"line":40,"column":32}},"32":{"start":{"line":43,"column":0},"end":{"line":43,"column":37}}},"fnMap":{"0":{"name":"(anonymous_0)","decl":{"start":{"line":2,"column":44},"end":{"line":2,"column":45}},"loc":{"start":{"line":2,"column":89},"end":{"line":10,"column":1}},"line":2},"1":{"name":"adopt","decl":{"start":{"line":3,"column":13},"end":{"line":3,"column":18}},"loc":{"start":{"line":3,"column":26},"end":{"line":3,"column":112}},"line":3},"2":{"name":"(anonymous_2)","decl":{"start":{"line":3,"column":70},"end":{"line":3,"column":71}},"loc":{"start":{"line":3,"column":89},"end":{"line":3,"column":108}},"line":3},"3":{"name":"(anonymous_3)","decl":{"start":{"line":4,"column":36},"end":{"line":4,"column":37}},"loc":{"start":{"line":4,"column":63},"end":{"line":9,"column":5}},"line":4},"4":{"name":"fulfilled","decl":{"start":{"line":5,"column":17},"end":{"line":5,"column":26}},"loc":{"start":{"line":5,"column":34},"end":{"line":5,"column":99}},"line":5},"5":{"name":"rejected","decl":{"start":{"line":6,"column":17},"end":{"line":6,"column":25}},"loc":{"start":{"line":6,"column":33},"end":{"line":6,"column":102}},"line":6},"6":{"name":"step","decl":{"start":{"line":7,"column":17},"end":{"line":7,"column":21}},"loc":{"start":{"line":7,"column":30},"end":{"line":7,"column":118}},"line":7},"7":{"name":"(anonymous_7)","decl":{"start":{"line":11,"column":56},"end":{"line":11,"column":57}},"loc":{"start":{"line":11,"column":71},"end":{"line":13,"column":1}},"line":11},"8":{"name":"(anonymous_8)","decl":{"start":{"line":18,"column":25},"end":{"line":18,"column":26}},"loc":{"start":{"line":18,"column":39},"end":{"line":42,"column":2}},"line":18},"9":{"name":"(anonymous_9)","decl":{"start":{"line":18,"column":73},"end":{"line":18,"column":74}},"loc":{"start":{"line":18,"column":86},"end":{"line":42,"column":1}},"line":18}},"branchMap":{"0":{"loc":{"start":{"line":2,"column":16},"end":{"line":10,"column":1}},"type":"binary-expr","locations":[{"start":{"line":2,"column":17},"end":{"line":2,"column":21}},{"start":{"line":2,"column":25},"end":{"line":2,"column":39}},{"start":{"line":2,"column":44},"end":{"line":10,"column":1}}],"line":2},"1":{"loc":{"start":{"line":3,"column":35},"end":{"line":3,"column":109}},"type":"cond-expr","locations":[{"start":{"line":3,"column":56},"end":{"line":3,"column":61}},{"start":{"line":3,"column":64},"end":{"line":3,"column":109}}],"line":3},"2":{"loc":{"start":{"line":4,"column":16},"end":{"line":4,"column":34}},"type":"binary-expr","locations":[{"start":{"line":4,"column":16},"end":{"line":4,"column":17}},{"start":{"line":4,"column":22},"end":{"line":4,"column":33}}],"line":4},"3":{"loc":{"start":{"line":7,"column":32},"end":{"line":7,"column":115}},"type":"cond-expr","locations":[{"start":{"line":7,"column":46},"end":{"line":7,"column":67}},{"start":{"line":7,"column":70},"end":{"line":7,"column":115}}],"line":7},"4":{"loc":{"start":{"line":8,"column":51},"end":{"line":8,"column":67}},"type":"binary-expr","locations":[{"start":{"line":8,"column":51},"end":{"line":8,"column":61}},{"start":{"line":8,"column":65},"end":{"line":8,"column":67}}],"line":8},"5":{"loc":{"start":{"line":11,"column":22},"end":{"line":13,"column":1}},"type":"binary-expr","locations":[{"start":{"line":11,"column":23},"end":{"line":11,"column":27}},{"start":{"line":11,"column":31},"end":{"line":11,"column":51}},{"start":{"line":11,"column":56},"end":{"line":13,"column":1}}],"line":11},"6":{"loc":{"start":{"line":12,"column":11},"end":{"line":12,"column":61}},"type":"cond-expr","locations":[{"start":{"line":12,"column":37},"end":{"line":12,"column":40}},{"start":{"line":12,"column":43},"end":{"line":12,"column":61}}],"line":12},"7":{"loc":{"start":{"line":12,"column":12},"end":{"line":12,"column":33}},"type":"binary-expr","locations":[{"start":{"line":12,"column":12},"end":{"line":12,"column":15}},{"start":{"line":12,"column":19},"end":{"line":12,"column":33}}],"line":12}},"s":{"0":1,"1":6,"2":4,"3":1,"4":6,"5":6,"6":0,"7":0,"8":0,"9":0,"10":7,"11":1,"12":1,"13":3,"14":1,"15":1,"16":1,"17":1,"18":1,"19":1,"20":1,"21":1,"22":1,"23":1,"24":1,"25":1,"26":1,"27":1,"28":1,"29":1,"30":1,"31":0,"32":1},"f":{"0":1,"1":6,"2":4,"3":1,"4":6,"5":0,"6":7,"7":3,"8":1,"9":1},"b":{"0":[1,1,1],"1":[2,4],"2":[1,1],"3":[1,6],"4":[1,1],"5":[1,1,1],"6":[3,0],"7":[3,3]},"_coverageSchema":"1a1c01bbd47fc00a2c39e90264f33305004495a9","hash":"135f90ed981458757e1c861bf1525420da24f4f6"}
,"C:\\Users\\Acer\\Desktop\\csTests\\dist\\controllers\\deleteTest.js": {"path":"C:\\Users\\Acer\\Desktop\\csTests\\dist\\controllers\\deleteTest.js","statementMap":{"0":{"start":{"line":2,"column":16},"end":{"line":10,"column":1}},"1":{"start":{"line":3,"column":28},"end":{"line":3,"column":110}},"2":{"start":{"line":3,"column":91},"end":{"line":3,"column":106}},"3":{"start":{"line":4,"column":4},"end":{"line":9,"column":7}},"4":{"start":{"line":5,"column":36},"end":{"line":5,"column":97}},"5":{"start":{"line":5,"column":42},"end":{"line":5,"column":70}},"6":{"start":{"line":5,"column":85},"end":{"line":5,"column":95}},"7":{"start":{"line":6,"column":35},"end":{"line":6,"column":100}},"8":{"start":{"line":6,"column":41},"end":{"line":6,"column":73}},"9":{"start":{"line":6,"column":88},"end":{"line":6,"column":98}},"10":{"start":{"line":7,"column":32},"end":{"line":7,"column":116}},"11":{"start":{"line":8,"column":8},"end":{"line":8,"column":78}},"12":{"start":{"line":11,"column":22},"end":{"line":13,"column":1}},"13":{"start":{"line":12,"column":4},"end":{"line":12,"column":62}},"14":{"start":{"line":14,"column":0},"end":{"line":14,"column":62}},"15":{"start":{"line":15,"column":19},"end":{"line":15,"column":65}},"16":{"start":{"line":16,"column":21},"end":{"line":16,"column":69}},"17":{"start":{"line":17,"column":20},"end":{"line":17,"column":67}},"18":{"start":{"line":18,"column":15},"end":{"line":18,"column":57}},"19":{"start":{"line":19,"column":17},"end":{"line":61,"column":2}},"20":{"start":{"line":19,"column":31},"end":{"line":61,"column":2}},"21":{"start":{"line":20,"column":27},"end":{"line":20,"column":37}},"22":{"start":{"line":21,"column":4},"end":{"line":60,"column":5}},"23":{"start":{"line":23,"column":19},"end":{"line":25,"column":10}},"24":{"start":{"line":27,"column":8},"end":{"line":56,"column":40}},"25":{"start":{"line":29,"column":12},"end":{"line":29,"column":75}},"26":{"start":{"line":30,"column":12},"end":{"line":30,"column":30}},"27":{"start":{"line":32,"column":23},"end":{"line":32,"column":82}},"28":{"start":{"line":34,"column":12},"end":{"line":36,"column":13}},"29":{"start":{"line":34,"column":25},"end":{"line":34,"column":26}},"30":{"start":{"line":35,"column":16},"end":{"line":35,"column":82}},"31":{"start":{"line":38,"column":12},"end":{"line":50,"column":13}},"32":{"start":{"line":38,"column":25},"end":{"line":38,"column":26}},"33":{"start":{"line":39,"column":27},"end":{"line":39,"column":78}},"34":{"start":{"line":41,"column":33},"end":{"line":43,"column":18}},"35":{"start":{"line":44,"column":16},"end":{"line":44,"column":85}},"36":{"start":{"line":45,"column":16},"end":{"line":45,"column":34}},"37":{"start":{"line":47,"column":16},"end":{"line":49,"column":19}},"38":{"start":{"line":52,"column":12},"end":{"line":52,"column":60}},"39":{"start":{"line":53,"column":12},"end":{"line":53,"column":43}},"40":{"start":{"line":56,"column":12},"end":{"line":56,"column":40}},"41":{"start":{"line":59,"column":8},"end":{"line":59,"column":32}},"42":{"start":{"line":62,"column":0},"end":{"line":62,"column":29}}},"fnMap":{"0":{"name":"(anonymous_0)","decl":{"start":{"line":2,"column":44},"end":{"line":2,"column":45}},"loc":{"start":{"line":2,"column":89},"end":{"line":10,"column":1}},"line":2},"1":{"name":"adopt","decl":{"start":{"line":3,"column":13},"end":{"line":3,"column":18}},"loc":{"start":{"line":3,"column":26},"end":{"line":3,"column":112}},"line":3},"2":{"name":"(anonymous_2)","decl":{"start":{"line":3,"column":70},"end":{"line":3,"column":71}},"loc":{"start":{"line":3,"column":89},"end":{"line":3,"column":108}},"line":3},"3":{"name":"(anonymous_3)","decl":{"start":{"line":4,"column":36},"end":{"line":4,"column":37}},"loc":{"start":{"line":4,"column":63},"end":{"line":9,"column":5}},"line":4},"4":{"name":"fulfilled","decl":{"start":{"line":5,"column":17},"end":{"line":5,"column":26}},"loc":{"start":{"line":5,"column":34},"end":{"line":5,"column":99}},"line":5},"5":{"name":"rejected","decl":{"start":{"line":6,"column":17},"end":{"line":6,"column":25}},"loc":{"start":{"line":6,"column":33},"end":{"line":6,"column":102}},"line":6},"6":{"name":"step","decl":{"start":{"line":7,"column":17},"end":{"line":7,"column":21}},"loc":{"start":{"line":7,"column":30},"end":{"line":7,"column":118}},"line":7},"7":{"name":"(anonymous_7)","decl":{"start":{"line":11,"column":56},"end":{"line":11,"column":57}},"loc":{"start":{"line":11,"column":71},"end":{"line":13,"column":1}},"line":11},"8":{"name":"(anonymous_8)","decl":{"start":{"line":19,"column":17},"end":{"line":19,"column":18}},"loc":{"start":{"line":19,"column":31},"end":{"line":61,"column":2}},"line":19},"9":{"name":"(anonymous_9)","decl":{"start":{"line":19,"column":65},"end":{"line":19,"column":66}},"loc":{"start":{"line":19,"column":78},"end":{"line":61,"column":1}},"line":19}},"branchMap":{"0":{"loc":{"start":{"line":2,"column":16},"end":{"line":10,"column":1}},"type":"binary-expr","locations":[{"start":{"line":2,"column":17},"end":{"line":2,"column":21}},{"start":{"line":2,"column":25},"end":{"line":2,"column":39}},{"start":{"line":2,"column":44},"end":{"line":10,"column":1}}],"line":2},"1":{"loc":{"start":{"line":3,"column":35},"end":{"line":3,"column":109}},"type":"cond-expr","locations":[{"start":{"line":3,"column":56},"end":{"line":3,"column":61}},{"start":{"line":3,"column":64},"end":{"line":3,"column":109}}],"line":3},"2":{"loc":{"start":{"line":4,"column":16},"end":{"line":4,"column":34}},"type":"binary-expr","locations":[{"start":{"line":4,"column":16},"end":{"line":4,"column":17}},{"start":{"line":4,"column":22},"end":{"line":4,"column":33}}],"line":4},"3":{"loc":{"start":{"line":7,"column":32},"end":{"line":7,"column":115}},"type":"cond-expr","locations":[{"start":{"line":7,"column":46},"end":{"line":7,"column":67}},{"start":{"line":7,"column":70},"end":{"line":7,"column":115}}],"line":7},"4":{"loc":{"start":{"line":8,"column":51},"end":{"line":8,"column":67}},"type":"binary-expr","locations":[{"start":{"line":8,"column":51},"end":{"line":8,"column":61}},{"start":{"line":8,"column":65},"end":{"line":8,"column":67}}],"line":8},"5":{"loc":{"start":{"line":11,"column":22},"end":{"line":13,"column":1}},"type":"binary-expr","locations":[{"start":{"line":11,"column":23},"end":{"line":11,"column":27}},{"start":{"line":11,"column":31},"end":{"line":11,"column":51}},{"start":{"line":11,"column":56},"end":{"line":13,"column":1}}],"line":11},"6":{"loc":{"start":{"line":12,"column":11},"end":{"line":12,"column":61}},"type":"cond-expr","locations":[{"start":{"line":12,"column":37},"end":{"line":12,"column":40}},{"start":{"line":12,"column":43},"end":{"line":12,"column":61}}],"line":12},"7":{"loc":{"start":{"line":12,"column":12},"end":{"line":12,"column":33}},"type":"binary-expr","locations":[{"start":{"line":12,"column":12},"end":{"line":12,"column":15}},{"start":{"line":12,"column":19},"end":{"line":12,"column":33}}],"line":12},"8":{"loc":{"start":{"line":27,"column":8},"end":{"line":56,"column":40}},"type":"if","locations":[{"start":{"line":27,"column":8},"end":{"line":56,"column":40}},{"start":{"line":56,"column":12},"end":{"line":56,"column":40}}],"line":27}},"s":{"0":1,"1":9,"2":7,"3":1,"4":9,"5":9,"6":0,"7":0,"8":0,"9":0,"10":10,"11":1,"12":1,"13":4,"14":1,"15":1,"16":1,"17":1,"18":1,"19":1,"20":1,"21":1,"22":1,"23":1,"24":1,"25":1,"26":1,"27":1,"28":1,"29":1,"30":1,"31":1,"32":1,"33":1,"34":1,"35":1,"36":1,"37":1,"38":1,"39":1,"40":0,"41":0,"42":1},"f":{"0":1,"1":9,"2":7,"3":1,"4":9,"5":0,"6":10,"7":4,"8":1,"9":1},"b":{"0":[1,1,1],"1":[2,7],"2":[1,1],"3":[1,9],"4":[1,1],"5":[1,1,1],"6":[4,0],"7":[4,4],"8":[1,0]},"_coverageSchema":"1a1c01bbd47fc00a2c39e90264f33305004495a9","hash":"06b8a8980f0f024c16156f18a9a202d82614ba18"}
,"C:\\Users\\Acer\\Desktop\\csTests\\dist\\controllers\\deleteTestAdmin.js": {"path":"C:\\Users\\Acer\\Desktop\\csTests\\dist\\controllers\\deleteTestAdmin.js","statementMap":{"0":{"start":{"line":2,"column":16},"end":{"line":10,"column":1}},"1":{"start":{"line":3,"column":28},"end":{"line":3,"column":110}},"2":{"start":{"line":3,"column":91},"end":{"line":3,"column":106}},"3":{"start":{"line":4,"column":4},"end":{"line":9,"column":7}},"4":{"start":{"line":5,"column":36},"end":{"line":5,"column":97}},"5":{"start":{"line":5,"column":42},"end":{"line":5,"column":70}},"6":{"start":{"line":5,"column":85},"end":{"line":5,"column":95}},"7":{"start":{"line":6,"column":35},"end":{"line":6,"column":100}},"8":{"start":{"line":6,"column":41},"end":{"line":6,"column":73}},"9":{"start":{"line":6,"column":88},"end":{"line":6,"column":98}},"10":{"start":{"line":7,"column":32},"end":{"line":7,"column":116}},"11":{"start":{"line":8,"column":8},"end":{"line":8,"column":78}},"12":{"start":{"line":11,"column":22},"end":{"line":13,"column":1}},"13":{"start":{"line":12,"column":4},"end":{"line":12,"column":62}},"14":{"start":{"line":14,"column":0},"end":{"line":14,"column":62}},"15":{"start":{"line":15,"column":19},"end":{"line":15,"column":65}},"16":{"start":{"line":16,"column":20},"end":{"line":16,"column":67}},"17":{"start":{"line":17,"column":15},"end":{"line":17,"column":57}},"18":{"start":{"line":18,"column":21},"end":{"line":18,"column":69}},"19":{"start":{"line":19,"column":22},"end":{"line":55,"column":2}},"20":{"start":{"line":19,"column":36},"end":{"line":55,"column":2}},"21":{"start":{"line":20,"column":4},"end":{"line":54,"column":5}},"22":{"start":{"line":21,"column":21},"end":{"line":21,"column":31}},"23":{"start":{"line":23,"column":19},"end":{"line":23,"column":78}},"24":{"start":{"line":25,"column":8},"end":{"line":27,"column":9}},"25":{"start":{"line":25,"column":21},"end":{"line":25,"column":22}},"26":{"start":{"line":26,"column":12},"end":{"line":26,"column":78}},"27":{"start":{"line":28,"column":21},"end":{"line":28,"column":35}},"28":{"start":{"line":30,"column":19},"end":{"line":30,"column":56}},"29":{"start":{"line":32,"column":8},"end":{"line":32,"column":71}},"30":{"start":{"line":33,"column":8},"end":{"line":33,"column":26}},"31":{"start":{"line":35,"column":8},"end":{"line":47,"column":9}},"32":{"start":{"line":35,"column":21},"end":{"line":35,"column":22}},"33":{"start":{"line":36,"column":23},"end":{"line":36,"column":74}},"34":{"start":{"line":38,"column":29},"end":{"line":40,"column":14}},"35":{"start":{"line":41,"column":12},"end":{"line":41,"column":81}},"36":{"start":{"line":42,"column":12},"end":{"line":42,"column":30}},"37":{"start":{"line":44,"column":12},"end":{"line":46,"column":15}},"38":{"start":{"line":49,"column":8},"end":{"line":49,"column":56}},"39":{"start":{"line":50,"column":8},"end":{"line":50,"column":36}},"40":{"start":{"line":53,"column":8},"end":{"line":53,"column":32}},"41":{"start":{"line":56,"column":0},"end":{"line":56,"column":34}}},"fnMap":{"0":{"name":"(anonymous_0)","decl":{"start":{"line":2,"column":44},"end":{"line":2,"column":45}},"loc":{"start":{"line":2,"column":89},"end":{"line":10,"column":1}},"line":2},"1":{"name":"adopt","decl":{"start":{"line":3,"column":13},"end":{"line":3,"column":18}},"loc":{"start":{"line":3,"column":26},"end":{"line":3,"column":112}},"line":3},"2":{"name":"(anonymous_2)","decl":{"start":{"line":3,"column":70},"end":{"line":3,"column":71}},"loc":{"start":{"line":3,"column":89},"end":{"line":3,"column":108}},"line":3},"3":{"name":"(anonymous_3)","decl":{"start":{"line":4,"column":36},"end":{"line":4,"column":37}},"loc":{"start":{"line":4,"column":63},"end":{"line":9,"column":5}},"line":4},"4":{"name":"fulfilled","decl":{"start":{"line":5,"column":17},"end":{"line":5,"column":26}},"loc":{"start":{"line":5,"column":34},"end":{"line":5,"column":99}},"line":5},"5":{"name":"rejected","decl":{"start":{"line":6,"column":17},"end":{"line":6,"column":25}},"loc":{"start":{"line":6,"column":33},"end":{"line":6,"column":102}},"line":6},"6":{"name":"step","decl":{"start":{"line":7,"column":17},"end":{"line":7,"column":21}},"loc":{"start":{"line":7,"column":30},"end":{"line":7,"column":118}},"line":7},"7":{"name":"(anonymous_7)","decl":{"start":{"line":11,"column":56},"end":{"line":11,"column":57}},"loc":{"start":{"line":11,"column":71},"end":{"line":13,"column":1}},"line":11},"8":{"name":"(anonymous_8)","decl":{"start":{"line":19,"column":22},"end":{"line":19,"column":23}},"loc":{"start":{"line":19,"column":36},"end":{"line":55,"column":2}},"line":19},"9":{"name":"(anonymous_9)","decl":{"start":{"line":19,"column":70},"end":{"line":19,"column":71}},"loc":{"start":{"line":19,"column":83},"end":{"line":55,"column":1}},"line":19}},"branchMap":{"0":{"loc":{"start":{"line":2,"column":16},"end":{"line":10,"column":1}},"type":"binary-expr","locations":[{"start":{"line":2,"column":17},"end":{"line":2,"column":21}},{"start":{"line":2,"column":25},"end":{"line":2,"column":39}},{"start":{"line":2,"column":44},"end":{"line":10,"column":1}}],"line":2},"1":{"loc":{"start":{"line":3,"column":35},"end":{"line":3,"column":109}},"type":"cond-expr","locations":[{"start":{"line":3,"column":56},"end":{"line":3,"column":61}},{"start":{"line":3,"column":64},"end":{"line":3,"column":109}}],"line":3},"2":{"loc":{"start":{"line":4,"column":16},"end":{"line":4,"column":34}},"type":"binary-expr","locations":[{"start":{"line":4,"column":16},"end":{"line":4,"column":17}},{"start":{"line":4,"column":22},"end":{"line":4,"column":33}}],"line":4},"3":{"loc":{"start":{"line":7,"column":32},"end":{"line":7,"column":115}},"type":"cond-expr","locations":[{"start":{"line":7,"column":46},"end":{"line":7,"column":67}},{"start":{"line":7,"column":70},"end":{"line":7,"column":115}}],"line":7},"4":{"loc":{"start":{"line":8,"column":51},"end":{"line":8,"column":67}},"type":"binary-expr","locations":[{"start":{"line":8,"column":51},"end":{"line":8,"column":61}},{"start":{"line":8,"column":65},"end":{"line":8,"column":67}}],"line":8},"5":{"loc":{"start":{"line":11,"column":22},"end":{"line":13,"column":1}},"type":"binary-expr","locations":[{"start":{"line":11,"column":23},"end":{"line":11,"column":27}},{"start":{"line":11,"column":31},"end":{"line":11,"column":51}},{"start":{"line":11,"column":56},"end":{"line":13,"column":1}}],"line":11},"6":{"loc":{"start":{"line":12,"column":11},"end":{"line":12,"column":61}},"type":"cond-expr","locations":[{"start":{"line":12,"column":37},"end":{"line":12,"column":40}},{"start":{"line":12,"column":43},"end":{"line":12,"column":61}}],"line":12},"7":{"loc":{"start":{"line":12,"column":12},"end":{"line":12,"column":33}},"type":"binary-expr","locations":[{"start":{"line":12,"column":12},"end":{"line":12,"column":15}},{"start":{"line":12,"column":19},"end":{"line":12,"column":33}}],"line":12}},"s":{"0":1,"1":5,"2":4,"3":1,"4":5,"5":5,"6":0,"7":0,"8":0,"9":0,"10":6,"11":1,"12":1,"13":4,"14":1,"15":1,"16":1,"17":1,"18":1,"19":1,"20":1,"21":1,"22":1,"23":1,"24":1,"25":1,"26":1,"27":1,"28":1,"29":1,"30":1,"31":1,"32":1,"33":0,"34":0,"35":0,"36":0,"37":0,"38":1,"39":1,"40":0,"41":1},"f":{"0":1,"1":5,"2":4,"3":1,"4":5,"5":0,"6":6,"7":4,"8":1,"9":1},"b":{"0":[1,1,1],"1":[1,4],"2":[1,1],"3":[1,5],"4":[1,1],"5":[1,1,1],"6":[4,0],"7":[4,4]},"_coverageSchema":"1a1c01bbd47fc00a2c39e90264f33305004495a9","hash":"13efd2ca8d2c990962e2006e925f40d2a8873c60"}
,"C:\\Users\\Acer\\Desktop\\csTests\\dist\\controllers\\deleteUser.js": {"path":"C:\\Users\\Acer\\Desktop\\csTests\\dist\\controllers\\deleteUser.js","statementMap":{"0":{"start":{"line":2,"column":16},"end":{"line":10,"column":1}},"1":{"start":{"line":3,"column":28},"end":{"line":3,"column":110}},"2":{"start":{"line":3,"column":91},"end":{"line":3,"column":106}},"3":{"start":{"line":4,"column":4},"end":{"line":9,"column":7}},"4":{"start":{"line":5,"column":36},"end":{"line":5,"column":97}},"5":{"start":{"line":5,"column":42},"end":{"line":5,"column":70}},"6":{"start":{"line":5,"column":85},"end":{"line":5,"column":95}},"7":{"start":{"line":6,"column":35},"end":{"line":6,"column":100}},"8":{"start":{"line":6,"column":41},"end":{"line":6,"column":73}},"9":{"start":{"line":6,"column":88},"end":{"line":6,"column":98}},"10":{"start":{"line":7,"column":32},"end":{"line":7,"column":116}},"11":{"start":{"line":8,"column":8},"end":{"line":8,"column":78}},"12":{"start":{"line":11,"column":22},"end":{"line":13,"column":1}},"13":{"start":{"line":12,"column":4},"end":{"line":12,"column":62}},"14":{"start":{"line":14,"column":0},"end":{"line":14,"column":62}},"15":{"start":{"line":15,"column":18},"end":{"line":15,"column":63}},"16":{"start":{"line":16,"column":18},"end":{"line":16,"column":63}},"17":{"start":{"line":17,"column":19},"end":{"line":17,"column":65}},"18":{"start":{"line":18,"column":21},"end":{"line":18,"column":69}},"19":{"start":{"line":19,"column":20},"end":{"line":19,"column":67}},"20":{"start":{"line":20,"column":15},"end":{"line":20,"column":57}},"21":{"start":{"line":21,"column":17},"end":{"line":74,"column":2}},"22":{"start":{"line":21,"column":31},"end":{"line":74,"column":2}},"23":{"start":{"line":22,"column":4},"end":{"line":73,"column":5}},"24":{"start":{"line":23,"column":27},"end":{"line":23,"column":37}},"25":{"start":{"line":24,"column":19},"end":{"line":26,"column":34}},"26":{"start":{"line":28,"column":8},"end":{"line":33,"column":9}},"27":{"start":{"line":28,"column":21},"end":{"line":28,"column":22}},"28":{"start":{"line":29,"column":26},"end":{"line":29,"column":84}},"29":{"start":{"line":30,"column":12},"end":{"line":30,"column":83}},"30":{"start":{"line":31,"column":12},"end":{"line":31,"column":33}},"31":{"start":{"line":32,"column":12},"end":{"line":32,"column":76}},"32":{"start":{"line":35,"column":8},"end":{"line":44,"column":9}},"33":{"start":{"line":35,"column":21},"end":{"line":35,"column":22}},"34":{"start":{"line":36,"column":26},"end":{"line":36,"column":106}},"35":{"start":{"line":37,"column":12},"end":{"line":42,"column":13}},"36":{"start":{"line":37,"column":25},"end":{"line":37,"column":26}},"37":{"start":{"line":38,"column":27},"end":{"line":38,"column":82}},"38":{"start":{"line":39,"column":16},"end":{"line":39,"column":84}},"39":{"start":{"line":40,"column":16},"end":{"line":40,"column":34}},"40":{"start":{"line":41,"column":16},"end":{"line":41,"column":83}},"41":{"start":{"line":43,"column":12},"end":{"line":43,"column":81}},"42":{"start":{"line":46,"column":8},"end":{"line":48,"column":36}},"43":{"start":{"line":49,"column":8},"end":{"line":56,"column":9}},"44":{"start":{"line":49,"column":21},"end":{"line":49,"column":22}},"45":{"start":{"line":50,"column":23},"end":{"line":50,"column":83}},"46":{"start":{"line":51,"column":12},"end":{"line":51,"column":69}},"47":{"start":{"line":52,"column":12},"end":{"line":54,"column":15}},"48":{"start":{"line":55,"column":12},"end":{"line":55,"column":78}},"49":{"start":{"line":58,"column":8},"end":{"line":64,"column":9}},"50":{"start":{"line":58,"column":21},"end":{"line":58,"column":22}},"51":{"start":{"line":59,"column":23},"end":{"line":59,"column":103}},"52":{"start":{"line":60,"column":12},"end":{"line":62,"column":13}},"53":{"start":{"line":60,"column":25},"end":{"line":60,"column":26}},"54":{"start":{"line":61,"column":16},"end":{"line":61,"column":82}},"55":{"start":{"line":63,"column":12},"end":{"line":63,"column":80}},"56":{"start":{"line":66,"column":8},"end":{"line":68,"column":11}},"57":{"start":{"line":69,"column":8},"end":{"line":69,"column":39}},"58":{"start":{"line":72,"column":8},"end":{"line":72,"column":32}},"59":{"start":{"line":75,"column":0},"end":{"line":75,"column":29}}},"fnMap":{"0":{"name":"(anonymous_0)","decl":{"start":{"line":2,"column":44},"end":{"line":2,"column":45}},"loc":{"start":{"line":2,"column":89},"end":{"line":10,"column":1}},"line":2},"1":{"name":"adopt","decl":{"start":{"line":3,"column":13},"end":{"line":3,"column":18}},"loc":{"start":{"line":3,"column":26},"end":{"line":3,"column":112}},"line":3},"2":{"name":"(anonymous_2)","decl":{"start":{"line":3,"column":70},"end":{"line":3,"column":71}},"loc":{"start":{"line":3,"column":89},"end":{"line":3,"column":108}},"line":3},"3":{"name":"(anonymous_3)","decl":{"start":{"line":4,"column":36},"end":{"line":4,"column":37}},"loc":{"start":{"line":4,"column":63},"end":{"line":9,"column":5}},"line":4},"4":{"name":"fulfilled","decl":{"start":{"line":5,"column":17},"end":{"line":5,"column":26}},"loc":{"start":{"line":5,"column":34},"end":{"line":5,"column":99}},"line":5},"5":{"name":"rejected","decl":{"start":{"line":6,"column":17},"end":{"line":6,"column":25}},"loc":{"start":{"line":6,"column":33},"end":{"line":6,"column":102}},"line":6},"6":{"name":"step","decl":{"start":{"line":7,"column":17},"end":{"line":7,"column":21}},"loc":{"start":{"line":7,"column":30},"end":{"line":7,"column":118}},"line":7},"7":{"name":"(anonymous_7)","decl":{"start":{"line":11,"column":56},"end":{"line":11,"column":57}},"loc":{"start":{"line":11,"column":71},"end":{"line":13,"column":1}},"line":11},"8":{"name":"(anonymous_8)","decl":{"start":{"line":21,"column":17},"end":{"line":21,"column":18}},"loc":{"start":{"line":21,"column":31},"end":{"line":74,"column":2}},"line":21},"9":{"name":"(anonymous_9)","decl":{"start":{"line":21,"column":65},"end":{"line":21,"column":66}},"loc":{"start":{"line":21,"column":78},"end":{"line":74,"column":1}},"line":21}},"branchMap":{"0":{"loc":{"start":{"line":2,"column":16},"end":{"line":10,"column":1}},"type":"binary-expr","locations":[{"start":{"line":2,"column":17},"end":{"line":2,"column":21}},{"start":{"line":2,"column":25},"end":{"line":2,"column":39}},{"start":{"line":2,"column":44},"end":{"line":10,"column":1}}],"line":2},"1":{"loc":{"start":{"line":3,"column":35},"end":{"line":3,"column":109}},"type":"cond-expr","locations":[{"start":{"line":3,"column":56},"end":{"line":3,"column":61}},{"start":{"line":3,"column":64},"end":{"line":3,"column":109}}],"line":3},"2":{"loc":{"start":{"line":4,"column":16},"end":{"line":4,"column":34}},"type":"binary-expr","locations":[{"start":{"line":4,"column":16},"end":{"line":4,"column":17}},{"start":{"line":4,"column":22},"end":{"line":4,"column":33}}],"line":4},"3":{"loc":{"start":{"line":7,"column":32},"end":{"line":7,"column":115}},"type":"cond-expr","locations":[{"start":{"line":7,"column":46},"end":{"line":7,"column":67}},{"start":{"line":7,"column":70},"end":{"line":7,"column":115}}],"line":7},"4":{"loc":{"start":{"line":8,"column":51},"end":{"line":8,"column":67}},"type":"binary-expr","locations":[{"start":{"line":8,"column":51},"end":{"line":8,"column":61}},{"start":{"line":8,"column":65},"end":{"line":8,"column":67}}],"line":8},"5":{"loc":{"start":{"line":11,"column":22},"end":{"line":13,"column":1}},"type":"binary-expr","locations":[{"start":{"line":11,"column":23},"end":{"line":11,"column":27}},{"start":{"line":11,"column":31},"end":{"line":11,"column":51}},{"start":{"line":11,"column":56},"end":{"line":13,"column":1}}],"line":11},"6":{"loc":{"start":{"line":12,"column":11},"end":{"line":12,"column":61}},"type":"cond-expr","locations":[{"start":{"line":12,"column":37},"end":{"line":12,"column":40}},{"start":{"line":12,"column":43},"end":{"line":12,"column":61}}],"line":12},"7":{"loc":{"start":{"line":12,"column":12},"end":{"line":12,"column":33}},"type":"binary-expr","locations":[{"start":{"line":12,"column":12},"end":{"line":12,"column":15}},{"start":{"line":12,"column":19},"end":{"line":12,"column":33}}],"line":12}},"s":{"0":1,"1":3,"2":3,"3":1,"4":3,"5":3,"6":0,"7":0,"8":0,"9":0,"10":4,"11":1,"12":1,"13":6,"14":1,"15":1,"16":1,"17":1,"18":1,"19":1,"20":1,"21":1,"22":1,"23":1,"24":1,"25":1,"26":1,"27":1,"28":0,"29":0,"30":0,"31":0,"32":1,"33":1,"34":0,"35":0,"36":0,"37":0,"38":0,"39":0,"40":0,"41":0,"42":1,"43":1,"44":1,"45":0,"46":0,"47":0,"48":0,"49":1,"50":1,"51":0,"52":0,"53":0,"54":0,"55":0,"56":1,"57":1,"58":0,"59":1},"f":{"0":1,"1":3,"2":3,"3":1,"4":3,"5":0,"6":4,"7":6,"8":1,"9":1},"b":{"0":[1,1,1],"1":[0,3],"2":[1,1],"3":[1,3],"4":[1,1],"5":[1,1,1],"6":[6,0],"7":[6,6]},"_coverageSchema":"1a1c01bbd47fc00a2c39e90264f33305004495a9","hash":"448c703a6a4b4c39671f65ec94d3a9adedfadc97"}
,"C:\\Users\\Acer\\Desktop\\csTests\\dist\\controllers\\deleteUserAdmin.js": {"path":"C:\\Users\\Acer\\Desktop\\csTests\\dist\\controllers\\deleteUserAdmin.js","statementMap":{"0":{"start":{"line":2,"column":16},"end":{"line":10,"column":1}},"1":{"start":{"line":3,"column":28},"end":{"line":3,"column":110}},"2":{"start":{"line":3,"column":91},"end":{"line":3,"column":106}},"3":{"start":{"line":4,"column":4},"end":{"line":9,"column":7}},"4":{"start":{"line":5,"column":36},"end":{"line":5,"column":97}},"5":{"start":{"line":5,"column":42},"end":{"line":5,"column":70}},"6":{"start":{"line":5,"column":85},"end":{"line":5,"column":95}},"7":{"start":{"line":6,"column":35},"end":{"line":6,"column":100}},"8":{"start":{"line":6,"column":41},"end":{"line":6,"column":73}},"9":{"start":{"line":6,"column":88},"end":{"line":6,"column":98}},"10":{"start":{"line":7,"column":32},"end":{"line":7,"column":116}},"11":{"start":{"line":8,"column":8},"end":{"line":8,"column":78}},"12":{"start":{"line":11,"column":22},"end":{"line":13,"column":1}},"13":{"start":{"line":12,"column":4},"end":{"line":12,"column":62}},"14":{"start":{"line":14,"column":0},"end":{"line":14,"column":62}},"15":{"start":{"line":15,"column":18},"end":{"line":15,"column":63}},"16":{"start":{"line":16,"column":18},"end":{"line":16,"column":63}},"17":{"start":{"line":17,"column":19},"end":{"line":17,"column":65}},"18":{"start":{"line":18,"column":21},"end":{"line":18,"column":69}},"19":{"start":{"line":19,"column":20},"end":{"line":19,"column":67}},"20":{"start":{"line":20,"column":15},"end":{"line":20,"column":57}},"21":{"start":{"line":21,"column":22},"end":{"line":68,"column":2}},"22":{"start":{"line":21,"column":36},"end":{"line":68,"column":2}},"23":{"start":{"line":22,"column":4},"end":{"line":67,"column":5}},"24":{"start":{"line":23,"column":21},"end":{"line":23,"column":31}},"25":{"start":{"line":24,"column":19},"end":{"line":24,"column":76}},"26":{"start":{"line":26,"column":8},"end":{"line":31,"column":9}},"27":{"start":{"line":26,"column":21},"end":{"line":26,"column":22}},"28":{"start":{"line":27,"column":26},"end":{"line":27,"column":84}},"29":{"start":{"line":28,"column":12},"end":{"line":28,"column":83}},"30":{"start":{"line":29,"column":12},"end":{"line":29,"column":33}},"31":{"start":{"line":30,"column":12},"end":{"line":30,"column":76}},"32":{"start":{"line":33,"column":8},"end":{"line":42,"column":9}},"33":{"start":{"line":33,"column":21},"end":{"line":33,"column":22}},"34":{"start":{"line":34,"column":26},"end":{"line":34,"column":106}},"35":{"start":{"line":35,"column":12},"end":{"line":40,"column":13}},"36":{"start":{"line":35,"column":25},"end":{"line":35,"column":26}},"37":{"start":{"line":36,"column":27},"end":{"line":36,"column":82}},"38":{"start":{"line":37,"column":16},"end":{"line":37,"column":84}},"39":{"start":{"line":38,"column":16},"end":{"line":38,"column":34}},"40":{"start":{"line":39,"column":16},"end":{"line":39,"column":83}},"41":{"start":{"line":41,"column":12},"end":{"line":41,"column":81}},"42":{"start":{"line":44,"column":8},"end":{"line":44,"column":75}},"43":{"start":{"line":45,"column":8},"end":{"line":52,"column":9}},"44":{"start":{"line":45,"column":21},"end":{"line":45,"column":22}},"45":{"start":{"line":46,"column":23},"end":{"line":46,"column":83}},"46":{"start":{"line":47,"column":12},"end":{"line":47,"column":69}},"47":{"start":{"line":48,"column":12},"end":{"line":50,"column":15}},"48":{"start":{"line":51,"column":12},"end":{"line":51,"column":78}},"49":{"start":{"line":54,"column":8},"end":{"line":60,"column":9}},"50":{"start":{"line":54,"column":21},"end":{"line":54,"column":22}},"51":{"start":{"line":55,"column":23},"end":{"line":55,"column":103}},"52":{"start":{"line":56,"column":12},"end":{"line":58,"column":13}},"53":{"start":{"line":56,"column":25},"end":{"line":56,"column":26}},"54":{"start":{"line":57,"column":16},"end":{"line":57,"column":82}},"55":{"start":{"line":59,"column":12},"end":{"line":59,"column":80}},"56":{"start":{"line":62,"column":8},"end":{"line":62,"column":51}},"57":{"start":{"line":63,"column":8},"end":{"line":63,"column":36}},"58":{"start":{"line":66,"column":8},"end":{"line":66,"column":32}},"59":{"start":{"line":69,"column":0},"end":{"line":69,"column":34}}},"fnMap":{"0":{"name":"(anonymous_0)","decl":{"start":{"line":2,"column":44},"end":{"line":2,"column":45}},"loc":{"start":{"line":2,"column":89},"end":{"line":10,"column":1}},"line":2},"1":{"name":"adopt","decl":{"start":{"line":3,"column":13},"end":{"line":3,"column":18}},"loc":{"start":{"line":3,"column":26},"end":{"line":3,"column":112}},"line":3},"2":{"name":"(anonymous_2)","decl":{"start":{"line":3,"column":70},"end":{"line":3,"column":71}},"loc":{"start":{"line":3,"column":89},"end":{"line":3,"column":108}},"line":3},"3":{"name":"(anonymous_3)","decl":{"start":{"line":4,"column":36},"end":{"line":4,"column":37}},"loc":{"start":{"line":4,"column":63},"end":{"line":9,"column":5}},"line":4},"4":{"name":"fulfilled","decl":{"start":{"line":5,"column":17},"end":{"line":5,"column":26}},"loc":{"start":{"line":5,"column":34},"end":{"line":5,"column":99}},"line":5},"5":{"name":"rejected","decl":{"start":{"line":6,"column":17},"end":{"line":6,"column":25}},"loc":{"start":{"line":6,"column":33},"end":{"line":6,"column":102}},"line":6},"6":{"name":"step","decl":{"start":{"line":7,"column":17},"end":{"line":7,"column":21}},"loc":{"start":{"line":7,"column":30},"end":{"line":7,"column":118}},"line":7},"7":{"name":"(anonymous_7)","decl":{"start":{"line":11,"column":56},"end":{"line":11,"column":57}},"loc":{"start":{"line":11,"column":71},"end":{"line":13,"column":1}},"line":11},"8":{"name":"(anonymous_8)","decl":{"start":{"line":21,"column":22},"end":{"line":21,"column":23}},"loc":{"start":{"line":21,"column":36},"end":{"line":68,"column":2}},"line":21},"9":{"name":"(anonymous_9)","decl":{"start":{"line":21,"column":70},"end":{"line":21,"column":71}},"loc":{"start":{"line":21,"column":83},"end":{"line":68,"column":1}},"line":21}},"branchMap":{"0":{"loc":{"start":{"line":2,"column":16},"end":{"line":10,"column":1}},"type":"binary-expr","locations":[{"start":{"line":2,"column":17},"end":{"line":2,"column":21}},{"start":{"line":2,"column":25},"end":{"line":2,"column":39}},{"start":{"line":2,"column":44},"end":{"line":10,"column":1}}],"line":2},"1":{"loc":{"start":{"line":3,"column":35},"end":{"line":3,"column":109}},"type":"cond-expr","locations":[{"start":{"line":3,"column":56},"end":{"line":3,"column":61}},{"start":{"line":3,"column":64},"end":{"line":3,"column":109}}],"line":3},"2":{"loc":{"start":{"line":4,"column":16},"end":{"line":4,"column":34}},"type":"binary-expr","locations":[{"start":{"line":4,"column":16},"end":{"line":4,"column":17}},{"start":{"line":4,"column":22},"end":{"line":4,"column":33}}],"line":4},"3":{"loc":{"start":{"line":7,"column":32},"end":{"line":7,"column":115}},"type":"cond-expr","locations":[{"start":{"line":7,"column":46},"end":{"line":7,"column":67}},{"start":{"line":7,"column":70},"end":{"line":7,"column":115}}],"line":7},"4":{"loc":{"start":{"line":8,"column":51},"end":{"line":8,"column":67}},"type":"binary-expr","locations":[{"start":{"line":8,"column":51},"end":{"line":8,"column":61}},{"start":{"line":8,"column":65},"end":{"line":8,"column":67}}],"line":8},"5":{"loc":{"start":{"line":11,"column":22},"end":{"line":13,"column":1}},"type":"binary-expr","locations":[{"start":{"line":11,"column":23},"end":{"line":11,"column":27}},{"start":{"line":11,"column":31},"end":{"line":11,"column":51}},{"start":{"line":11,"column":56},"end":{"line":13,"column":1}}],"line":11},"6":{"loc":{"start":{"line":12,"column":11},"end":{"line":12,"column":61}},"type":"cond-expr","locations":[{"start":{"line":12,"column":37},"end":{"line":12,"column":40}},{"start":{"line":12,"column":43},"end":{"line":12,"column":61}}],"line":12},"7":{"loc":{"start":{"line":12,"column":12},"end":{"line":12,"column":33}},"type":"binary-expr","locations":[{"start":{"line":12,"column":12},"end":{"line":12,"column":15}},{"start":{"line":12,"column":19},"end":{"line":12,"column":33}}],"line":12}},"s":{"0":1,"1":3,"2":3,"3":1,"4":3,"5":3,"6":0,"7":0,"8":0,"9":0,"10":4,"11":1,"12":1,"13":6,"14":1,"15":1,"16":1,"17":1,"18":1,"19":1,"20":1,"21":1,"22":1,"23":1,"24":1,"25":1,"26":1,"27":1,"28":0,"29":0,"30":0,"31":0,"32":1,"33":1,"34":0,"35":0,"36":0,"37":0,"38":0,"39":0,"40":0,"41":0,"42":1,"43":1,"44":1,"45":0,"46":0,"47":0,"48":0,"49":1,"50":1,"51":0,"52":0,"53":0,"54":0,"55":0,"56":1,"57":1,"58":0,"59":1},"f":{"0":1,"1":3,"2":3,"3":1,"4":3,"5":0,"6":4,"7":6,"8":1,"9":1},"b":{"0":[1,1,1],"1":[0,3],"2":[1,1],"3":[1,3],"4":[1,1],"5":[1,1,1],"6":[6,0],"7":[6,6]},"_coverageSchema":"1a1c01bbd47fc00a2c39e90264f33305004495a9","hash":"7541902fe80e1c4e4cb024c62ef5fe9503aefcf9"}
,"C:\\Users\\Acer\\Desktop\\csTests\\dist\\controllers\\getArticle.js": {"path":"C:\\Users\\Acer\\Desktop\\csTests\\dist\\controllers\\getArticle.js","statementMap":{"0":{"start":{"line":2,"column":16},"end":{"line":10,"column":1}},"1":{"start":{"line":3,"column":28},"end":{"line":3,"column":110}},"2":{"start":{"line":3,"column":91},"end":{"line":3,"column":106}},"3":{"start":{"line":4,"column":4},"end":{"line":9,"column":7}},"4":{"start":{"line":5,"column":36},"end":{"line":5,"column":97}},"5":{"start":{"line":5,"column":42},"end":{"line":5,"column":70}},"6":{"start":{"line":5,"column":85},"end":{"line":5,"column":95}},"7":{"start":{"line":6,"column":35},"end":{"line":6,"column":100}},"8":{"start":{"line":6,"column":41},"end":{"line":6,"column":73}},"9":{"start":{"line":6,"column":88},"end":{"line":6,"column":98}},"10":{"start":{"line":7,"column":32},"end":{"line":7,"column":116}},"11":{"start":{"line":8,"column":8},"end":{"line":8,"column":78}},"12":{"start":{"line":11,"column":22},"end":{"line":13,"column":1}},"13":{"start":{"line":12,"column":4},"end":{"line":12,"column":62}},"14":{"start":{"line":14,"column":0},"end":{"line":14,"column":62}},"15":{"start":{"line":15,"column":18},"end":{"line":15,"column":63}},"16":{"start":{"line":16,"column":17},"end":{"line":25,"column":2}},"17":{"start":{"line":16,"column":31},"end":{"line":25,"column":2}},"18":{"start":{"line":17,"column":4},"end":{"line":24,"column":5}},"19":{"start":{"line":18,"column":21},"end":{"line":18,"column":31}},"20":{"start":{"line":19,"column":22},"end":{"line":19,"column":97}},"21":{"start":{"line":20,"column":8},"end":{"line":20,"column":38}},"22":{"start":{"line":23,"column":8},"end":{"line":23,"column":32}},"23":{"start":{"line":26,"column":0},"end":{"line":26,"column":29}}},"fnMap":{"0":{"name":"(anonymous_0)","decl":{"start":{"line":2,"column":44},"end":{"line":2,"column":45}},"loc":{"start":{"line":2,"column":89},"end":{"line":10,"column":1}},"line":2},"1":{"name":"adopt","decl":{"start":{"line":3,"column":13},"end":{"line":3,"column":18}},"loc":{"start":{"line":3,"column":26},"end":{"line":3,"column":112}},"line":3},"2":{"name":"(anonymous_2)","decl":{"start":{"line":3,"column":70},"end":{"line":3,"column":71}},"loc":{"start":{"line":3,"column":89},"end":{"line":3,"column":108}},"line":3},"3":{"name":"(anonymous_3)","decl":{"start":{"line":4,"column":36},"end":{"line":4,"column":37}},"loc":{"start":{"line":4,"column":63},"end":{"line":9,"column":5}},"line":4},"4":{"name":"fulfilled","decl":{"start":{"line":5,"column":17},"end":{"line":5,"column":26}},"loc":{"start":{"line":5,"column":34},"end":{"line":5,"column":99}},"line":5},"5":{"name":"rejected","decl":{"start":{"line":6,"column":17},"end":{"line":6,"column":25}},"loc":{"start":{"line":6,"column":33},"end":{"line":6,"column":102}},"line":6},"6":{"name":"step","decl":{"start":{"line":7,"column":17},"end":{"line":7,"column":21}},"loc":{"start":{"line":7,"column":30},"end":{"line":7,"column":118}},"line":7},"7":{"name":"(anonymous_7)","decl":{"start":{"line":11,"column":56},"end":{"line":11,"column":57}},"loc":{"start":{"line":11,"column":71},"end":{"line":13,"column":1}},"line":11},"8":{"name":"(anonymous_8)","decl":{"start":{"line":16,"column":17},"end":{"line":16,"column":18}},"loc":{"start":{"line":16,"column":31},"end":{"line":25,"column":2}},"line":16},"9":{"name":"(anonymous_9)","decl":{"start":{"line":16,"column":65},"end":{"line":16,"column":66}},"loc":{"start":{"line":16,"column":78},"end":{"line":25,"column":1}},"line":16}},"branchMap":{"0":{"loc":{"start":{"line":2,"column":16},"end":{"line":10,"column":1
[...]
,"C:\\Users\\Acer\\Desktop\\csTests\\dist\\controllers\\verfiyAdmin.js": {"path":"C:\\Users\\Acer\\Desktop\\csTests\\dist\\controllers\\verfiyAdmin.js","statementMap":{"0":{"start":{"line":2,"column":0},"end":{"line":2,"column":62}},"1":{"start":{"line":3,"column":12},"end":{"line":3,"column":25}},"2":{"start":{"line":4,"column":23},"end":{"line":4,"column":46}},"3":{"start":{"line":5,"column":18},"end":{"line":15,"column":1}},"4":{"start":{"line":6,"column":26},"end":{"line":6,"column":37}},"5":{"start":{"line":7,"column":4},"end":{"line":14,"column":7}},"6":{"start":{"line":8,"column":8},"end":{"line":13,"column":50}},"7":{"start":{"line":9,"column":12},"end":{"line":9,"column":50}},"8":{"start":{"line":10,"column":13},"end":{"line":13,"column":50}},"9":{"start":{"line":11,"column":12},"end":{"line":11,"column":48}},"10":{"start":{"line":13,"column":12},"end":{"line":13,"column":50}},"11":{"start":{"line":16,"column":0},"end":{"line":16,"column":30}}},"fnMap":{"0":{"name":"(anonymous_0)","decl":{"start":{"line":5,"column":18},"end":{"line":5,"column":19}},"loc":{"start":{"line":5,"column":32},"end":{"line":15,"column":1}},"line":5},"1":{"name":"(anonymous_1)","decl":{"start":{"line":7,"column":60},"end":{"line":7,"column":61}},"loc":{"start":{"line":7,"column":78},"end":{"line":14,"column":5}},"line":7}},"branchMap":{"0":{"loc":{"start":{"line":8,"column":8},"end":{"line":13,"column":50}},"type":"if","locations":[{"start":{"line":8,"column":8},"end":{"line":13,"column":50}},{"start":{"line":10,"column":13},"end":{"line":13,"column":50}}],"line":8},"1":{"loc":{"start":{"line":10,"column":13},"end":{"line":13,"column":50}},"type":"if","locations":[{"start":{"line":10,"column":13},"end":{"line":13,"column":50}},{"start":{"line":13,"column":12},"end":{"line":13,"column":50}}],"line":10}},"s":{"0":1,"1":1,"2":1,"3":1,"4":1,"5":1,"6":1,"7":0,"8":1,"9":1,"10":0,"11":1},"f":{"0":1,"1":1},"b":{"0":[0,1],"1":[1,0]},"_coverageSchema":"1a1c01bbd47fc00a2c39e90264f33305004495a9","hash":"8d3dd0d67247e1b0d560714c09041976ee4bfaa7"}
,"C:\\Users\\Acer\\Desktop\\csTests\\dist\\models\\article.js": {"path":"C:\\Users\\Acer\\Desktop\\csTests\\dist\\models\\article.js","statementMap":{"0":{"start":{"line":2,"column":0},"end":{"line":2,"column":62}},"1":{"start":{"line":3,"column":19},"end":{"line":3,"column":38}},"2":{"start":{"line":4,"column":11},"end":{"line":4,"column":21}},"3":{"start":{"line":5,"column":20},"end":{"line":40,"column":2}},"4":{"start":{"line":41,"column":14},"end":{"line":41,"column":61}},"5":{"start":{"line":42,"column":0},"end":{"line":42,"column":26}}},"fnMap":{},"branchMap":{},"s":{"0":1,"1":1,"2":1,"3":1,"4":1,"5":1},"f":{},"b":{},"_coverageSchema":"1a1c01bbd47fc00a2c39e90264f33305004495a9","hash":"aa285b207c909bfb8ef1a54d34c03a8b6aeec122"}
,"C:\\Users\\Acer\\Desktop\\csTests\\dist\\models\\comment.js": {"path":"C:\\Users\\Acer\\Desktop\\csTests\\dist\\models\\comment.js","statementMap":{"0":{"start":{"line":2,"column":0},"end":{"line":2,"column":62}},"1":{"start":{"line":3,"column":19},"end":{"line":3,"column":38}},"2":{"start":{"line":4,"column":11},"end":{"line":4,"column":21}},"3":{"start":{"line":5,"column":20},"end":{"line":24,"column":2}},"4":{"start":{"line":25,"column":14},"end":{"line":25,"column":61}},"5":{"start":{"line":26,"column":0},"end":{"line":26,"column":26}}},"fnMap":{},"branchMap":{},"s":{"0":1,"1":1,"2":1,"3":1,"4":1,"5":1},"f":{},"b":{},"_coverageSchema":"1a1c01bbd47fc00a2c39e90264f33305004495a9","hash":"78f88ad970692be9ef3ee994d8af83684e9f93bb"}
,"C:\\Users\\Acer\\Desktop\\csTests\\dist\\models\\image.js": {"path":"C:\\Users\\Acer\\Desktop\\csTests\\dist\\models\\image.js","statementMap":{"0":{"start":{"line":2,"column":0},"end":{"line":2,"column":62}},"1":{"start":{"line":3,"column":19},"end":{"line":3,"column":38}},"2":{"start":{"line":4,"column":18},"end":{"line":9,"column":2}},"3":{"start":{"line":10,"column":12},"end":{"line":10,"column":55}},"4":{"start":{"line":11,"column":0},"end":{"line":11,"column":24}}},"fnMap":{},"branchMap":{},"s":{"0":1,"1":1,"2":1,"3":1,"4":1},"f":{},"b":{},"_coverageSchema":"1a1c01bbd47fc00a2c39e90264f33305004495a9","hash":"4bc6565e463750529712d51105e81b7803672735"}
,"C:\\Users\\Acer\\Desktop\\csTests\\dist\\models\\question.js": {"path":"C:\\Users\\Acer\\Desktop\\csTests\\dist\\models\\question.js","statementMap":{"0":{"start":{"line":2,"column":0},"end":{"line":2,"column":62}},"1":{"start":{"line":3,"column":19},"end":{"line":3,"column":38}},"2":{"start":{"line":4,"column":21},"end":{"line":24,"column":2}},"3":{"start":{"line":25,"column":15},"end":{"line":25,"column":64}},"4":{"start":{"line":26,"column":0},"end":{"line":26,"column":27}}},"fnMap":{},"branchMap":{},"s":{"0":1,"1":1,"2":1,"3":1,"4":1},"f":{},"b":{},"_coverageSchema":"1a1c01bbd47fc00a2c39e90264f33305004495a9","hash":"3547f0f284eefb13ebfe4ab11ac80a80dd9ec7b6"}
,"C:\\Users\\Acer\\Desktop\\csTests\\dist\\models\\solvedTest.js": {"path":"C:\\Users\\Acer\\Desktop\\csTests\\dist\\models\\solvedTest.js","statementMap":{"0":{"start":{"line":2,"column":0},"end":{"line":2,"column":62}},"1":{"start":{"line":3,"column":19},"end":{"line":3,"column":38}},"2":{"start":{"line":4,"column":23},"end":{"line":27,"column":2}},"3":{"start":{"line":28,"column":17},"end":{"line":28,"column":70}},"4":{"start":{"line":29,"column":0},"end":{"line":29,"column":29}}},"fnMap":{},"branchMap":{},"s":{"0":1,"1":1,"2":1,"3":1,"4":1},"f":{},"b":{},"_coverageSchema":"1a1c01bbd47fc00a2c39e90264f33305004495a9","hash":"386a930177a68bd4cbb7397a9306b5f08f79301c"}
,"C:\\Users\\Acer\\Desktop\\csTests\\dist\\models\\testModel.js": {"path":"C:\\Users\\Acer\\Desktop\\csTests\\dist\\models\\testModel.js","statementMap":{"0":{"start":{"line":2,"column":0},"end":{"line":2,"column":62}},"1":{"start":{"line":3,"column":19},"end":{"line":3,"column":38}},"2":{"start":{"line":4,"column":11},"end":{"line":4,"column":21}},"3":{"start":{"line":5,"column":17},"end":{"line":36,"column":2}},"4":{"start":{"line":37,"column":11},"end":{"line":37,"column":52}},"5":{"start":{"line":38,"column":0},"end":{"line":38,"column":23}}},"fnMap":{},"branchMap":{},"s":{"0":1,"1":1,"2":1,"3":1,"4":1,"5":1},"f":{},"b":{},"_coverageSchema":"1a1c01bbd47fc00a2c39e90264f33305004495a9","hash":"da795ecee63ef2e54f06c76571258376002c97bc"}
,"C:\\Users\\Acer\\Desktop\\csTests\\dist\\models\\user.js": {"path":"C:\\Users\\Acer\\Desktop\\csTests\\dist\\models\\user.js","statementMap":{"0":{"start":{"line":2,"column":0},"end":{"line":2,"column":62}},"1":{"start":{"line":3,"column":19},"end":{"line":3,"column":38}},"2":{"start":{"line":4,"column":11},"end":{"line":4,"column":21}},"3":{"start":{"line":5,"column":17},"end":{"line":52,"column":2}},"4":{"start":{"line":53,"column":11},"end":{"line":53,"column":52}},"5":{"start":{"line":54,"column":0},"end":{"line":54,"column":23}}},"fnMap":{},"branchMap":{},"s":{"0":1,"1":1,"2":1,"3":1,"4":1,"5":1},"f":{},"b":{},"_coverageSchema":"1a1c01bbd47fc00a2c39e90264f33305004495a9","hash":"add02798b53fedaf27f224a3bfd4e3b830047d43"}
,"C:\\Users\\Acer\\Desktop\\csTests\\dist\\routes\\adminRouter.js": {"path":"C:\\Users\\Acer\\Desktop\\csTests\\dist\\routes\\adminRouter.js","statementMap":{"0":{"start":{"line":2,"column":22},"end":{"line":4,"column":1}},"1":{"start":{"line":3,"column":4},"end":{"line":3,"column":62}},"2":{"start":{"line":5,"column":0},"end":{"line":5,"column":62}},"3":{"start":{"line":6,"column":18},"end":{"line":6,"column":53}},"4":{"start":{"line":7,"column":30},"end":{"line":7,"column":92}},"5":{"start":{"line":8,"column":29},"end":{"line":8,"column":90}},"6":{"start":{"line":9,"column":29},"end":{"line":9,"column":90}},"7":{"start":{"line":10,"column":29},"end":{"line":10,"column":90}},"8":{"start":{"line":11,"column":26},"end":{"line":11,"column":84}},"9":{"start":{"line":12,"column":26},"end":{"line":12,"column":84}},"10":{"start":{"line":13,"column":27},"end":{"line":13,"column":86}},"11":{"start":{"line":14,"column":27},"end":{"line":14,"column":86}},"12":{"start":{"line":15,"column":24},"end":{"line":15,"column":80}},"13":{"start":{"line":16,"column":24},"end":{"line":16,"column":80}},"14":{"start":{"line":17,"column":22},"end":{"line":17,"column":76}},"15":{"start":{"line":18,"column":15},"end":{"line":18,"column":41}},"16":{"start":{"line":19,"column":0},"end":{"line":19,"column":53}},"17":{"start":{"line":20,"column":0},"end":{"line":20,"column":76}},"18":{"start":{"line":21,"column":0},"end":{"line":21,"column":76}},"19":{"start":{"line":22,"column":0},"end":{"line":22,"column":82}},"20":{"start":{"line":23,"column":0},"end":{"line":23,"column":50}},"21":{"start":{"line":24,"column":0},"end":{"line":24,"column":82}},"22":{"start":{"line":25,"column":0},"end":{"line":25,"column":85}},"23":{"start":{"line":26,"column":0},"end":{"line":26,"column":85}},"24":{"start":{"line":27,"column":0},"end":{"line":27,"column":91}},"25":{"start":{"line":28,"column":0},"end":{"line":28,"column":91}},"26":{"start":{"line":29,"column":0},"end":{"line":29,"column":25}}},"fnMap":{"0":{"name":"(anonymous_0)","decl":{"start":{"line":2,"column":56},"end":{"line":2,"column":57}},"loc":{"start":{"line":2,"column":71},"end":{"line":4,"column":1}},"line":2}},"branchMap":{"0":{"loc":{"start":{"line":2,"column":22},"end":{"line":4,"column":1}},"type":"binary-expr","locations":[{"start":{"line":2,"column":23},"end":{"line":2,"column":27}},{"start":{"line":2,"column":31},"end":{"line":2,"column":51}},{"start":{"line":2,"column":56},"end":{"line":4,"column":1}}],"line":2},"1":{"loc":{"start":{"line":3,"column":11},"end":{"line":3,"column":61}},"type":"cond-expr","locations":[{"start":{"line":3,"column":37},"end":{"line":3,"column":40}},{"start":{"line":3,"column":43},"end":{"line":3,"column":61}}],"line":3},"2":{"loc":{"start":{"line":3,"column":12},"end":{"line":3,"column":33}},"type":"binary-expr","locations":[{"start":{"line":3,"column":12},"end":{"line":3,"column":15}},{"start":{"line":3,"column":19},"end":{"line":3,"column":33}}],"line":3}},"s":{"0":1,"1":12,"2":1,"3":1,"4":1,"5":1,"6":1,"7":1,"8":1,"9":1,"10":1,"11":1,"12":1,"13":1,"14":1,"15":1,"16":1,"17":1,"18":1,"19":1,"20":1,"21":1,"22":1,"23":1,"24":1,"25":1,"26":1},"f":{"0":12},"b":{"0":[1,1,1],"1":[11,1],"2":[12,12]},"_coverageSchema":"1a1c01bbd47fc00a2c39e90264f33305004495a9","hash":"46173e557ecb76cc6da5903fd2f85d18c9e38bf1"}
,"C:\\Users\\Acer\\Desktop\\csTests\\dist\\routes\\articleRouter.js": {"path":"C:\\Users\\Acer\\Desktop\\csTests\\dist\\routes\\articleRouter.js","statementMap":{"0":{"start":{"line":2,"column":22},"end":{"line":4,"column":1}},"1":{"start":{"line":3,"column":4},"end":{"line":3,"column":62}},"2":{"start":{"line":5,"column":0},"end":{"line":5,"column":62}},"3":{"start":{"line":6,"column":18},"end":{"line":6,"column":53}},"4":{"start":{"line":7,"column":24},"end":{"line":7,"column":80}},"5":{"start":{"line":8,"column":24},"end":{"line":8,"column":80}},"6":{"start":{"line":9,"column":21},"end":{"line":9,"column":74}},"7":{"start":{"line":10,"column":22},"end":{"line":10,"column":76}},"8":{"start":{"line":11,"column":21},"end":{"line":11,"column":74}},"9":{"start":{"line":12,"column":21},"end":{"line":12,"column":74}},"10":{"start":{"line":13,"column":24},"end":{"line":13,"column":80}},"11":{"start":{"line":14,"column":24},"end":{"line":14,"column":80}},"12":{"start":{"line":15,"column":28},"end":{"line":15,"column":88}},"13":{"start":{"line":16,"column":15},"end":{"line":16,"column":41}},"14":{"start":{"line":17,"column":0},"end":{"line":17,"column":77}},"15":{"start":{"line":18,"column":0},"end":{"line":18,"column":39}},"16":{"start":{"line":19,"column":0},"end":{"line":19,"column":41}},"17":{"start":{"line":20,"column":0},"end":{"line":20,"column":83}},"18":{"start":{"line":21,"column":0},"end":{"line":21,"column":89}},"19":{"start":{"line":22,"column":0},"end":{"line":22,"column":97}},"20":{"start":{"line":23,"column":0},"end":{"line":23,"column":100}},"21":{"start":{"line":24,"column":0},"end":{"line":24,"column":86}},"22":{"start":{"line":25,"column":0},"end":{"line":25,"column":25}}},"fnMap":{"0":{"name":"(anonymous_0)","decl":{"start":{"line":2,"column":56},"end":{"line":2,"column":57}},"loc":{"start":{"line":2,"column":71},"end":{"line":4,"column":1}},"line":2}},"branchMap":{"0":{"loc":{"start":{"line":2,"column":22},"end":{"line":4,"column":1}},"type":"binary-expr","locations":[{"start":{"line":2,"column":23},"end":{"line":2,"column":27}},{"start":{"line":2,"column":31},"end":{"line":2,"column":51}},{"start":{"line":2,"column":56},"end":{"line":4,"column":1}}],"line":2},"1":{"loc":{"start":{"line":3,"column":11},"end":{"line":3,"column":61}},"type":"cond-expr","locations":[{"start":{"line":3,"column":37},"end":{"line":3,"column":40}},{"start":{"line":3,"column":43},"end":{"line":3,"column":61}}],"line":3},"2":{"loc":{"start":{"line":3,"column":12},"end":{"line":3,"column":33}},"type":"binary-expr","locations":[{"start":{"line":3,"column":12},"end":{"line":3,"column":15}},{"start":{"line":3,"column":19},"end":{"line":3,"column":33}}],"line":3}},"s":{"0":1,"1":10,"2":1,"3":1,"4":1,"5":1,"6":1,"7":1,"8":1,"9":1,"10":1,"11":1,"12":1,"13":1,"14":1,"15":1,"16":1,"17":1,"18":1,"19":1,"20":1,"21":1,"22":1},"f":{"0":10},"b":{"0":[1,1,1],"1":[9,1],"2":[10,10]},"_coverageSchema":"1a1c01bbd47fc00a2c39e90264f33305004495a9","hash":"520a9f47613480419160c7550f4636c51e366afa"}
,"C:\\Users\\Acer\\Desktop\\csTests\\dist\\routes\\testRouter.js": {"path":"C:\\Users\\Acer\\Desktop\\csTests\\dist\\routes\\testRouter.js","statementMap":{"0":{"start":{"line":2,"column":22},"end":{"line":4,"column":1}},"1":{"start":{"line":3,"column":4},"end":{"line":3,"column":62}},"2":{"start":{"line":5,"column":0},"end":{"line":5,"column":62}},"3":{"start":{"line":6,"column":18},"end":{"line":6,"column":53}},"4":{"start":{"line":7,"column":21},"end":{"line":7,"column":74}},"5":{"start":{"line":8,"column":18},"end":{"line":8,"column":68}},"6":{"start":{"line":9,"column":19},"end":{"line":9,"column":70}},"7":{"start":{"line":10,"column":18},"end":{"line":10,"column":68}},"8":{"start":{"line":11,"column":21},"end":{"line":11,"column":74}},"9":{"start":{"line":12,"column":28},"end":{"line":12,"column":88}},"10":{"start":{"line":13,"column":15},"end":{"line":13,"column":41}},"11":{"start":{"line":14,"column":0},"end":{"line":14,"column":74}},"12":{"start":{"line":15,"column":0},"end":{"line":15,"column":80}},"13":{"start":{"line":16,"column":0},"end":{"line":16,"column":36}},"14":{"start":{"line":17,"column":0},"end":{"line":17,"column":38}},"15":{"start":{"line":18,"column":0},"end":{"line":18,"column":83}},"16":{"start":{"line":19,"column":0},"end":{"line":19,"column":25}}},"fnMap":{"0":{"name":"(anonymous_0)","decl":{"start":{"line":2,"column":56},"end":{"line":2,"column":57}},"loc":{"start":{"line":2,"column":71},"end":{"line":4,"column":1}},"line":2}},"branchMap":{"0":{"loc":{"start":{"line":2,"column":22},"end":{"line":4,"column":1}},"type":"binary-expr","locations":[{"start":{"line":2,"column":23},"end":{"line":2,"column":27}},{"start":{"line":2,"column":31},"end":{"line":2,"column":51}},{"start":{"line":2,"column":56},"end":{"line":4,"column":1}}],"line":2},"1":{"loc":{"start":{"line":3,"column":11},"end":{"line":3,"column":61}},"type":"cond-expr","locations":[{"start":{"line":3,"column":37},"end":{"line":3,"column":40}},{"start":{"line":3,"column":43},"end":{"line":3,"column":61}}],"line":3},"2":{"loc":{"start":{"line":3,"column":12},"end":{"line":3,"column":33}},"type":"binary-expr","locations":[{"start":{"line":3,"column":12},"end":{"line":3,"column":15}},{"start":{"line":3,"column":19},"end":{"line":3,"column":33}}],"line":3}},"s":{"0":1,"1":7,"2":1,"3":1,"4":1,"5":1,"6":1,"7":1,"8":1,"9":1,"10":1,"11":1,"12":1,"13":1,"14":1,"15":1,"16":1},"f":{"0":7},"b":{"0":[1,1,1],"1":[6,1],"2":[7,7]},"_coverageSchema":"1a1c01bbd47fc00a2c39e90264f33305004495a9","hash":"487a06cfeb97cedf1e81eeab1f5d71df3a5d16ac"}
,"C:\\Users\\Acer\\Desktop\\csTests\\dist\\routes\\userRouter.js": {"path":"C:\\Users\\Acer\\Desktop\\csTests\\dist\\routes\\userRouter.js","statementMap":{"0":{"start":{"line":2,"column":22},"end":{"line":4,"column":1}},"1":{"start":{"line":3,"column":4},"end":{"line":3,"column":62}},"2":{"start":{"line":5,"column":0},"end":{"line":5,"column":62}},"3":{"start":{"line":6,"column":18},"end":{"line":6,"column":53}},"4":{"start":{"line":7,"column":21},"end":{"line":7,"column":74}},"5":{"start":{"line":8,"column":24},"end":{"line":8,"column":80}},"6":{"start":{"line":9,"column":18},"end":{"line":9,"column":68}},"7":{"start":{"line":10,"column":20},"end":{"line":10,"column":72}},"8":{"start":{"line":11,"column":16},"end":{"line":11,"column":64}},"9":{"start":{"line":12,"column":18},"end":{"line":12,"column":68}},"10":{"start":{"line":13,"column":20},"end":{"line":13,"column":72}},"11":{"start":{"line":14,"column":21},"end":{"line":14,"column":74}},"12":{"start":{"line":15,"column":28},"end":{"line":15,"column":88}},"13":{"start":{"line":16,"column":15},"end":{"line":16,"column":41}},"14":{"start":{"line":17,"column":0},"end":{"line":17,"column":42}},"15":{"start":{"line":18,"column":0},"end":{"line":18,"column":76}},"16":{"start":{"line":19,"column":0},"end":{"line":19,"column":39}},"17":{"start":{"line":20,"column":0},"end":{"line":20,"column":79}},"18":{"start":{"line":21,"column":0},"end":{"line":21,"column":73}},"19":{"start":{"line":22,"column":0},"end":{"line":22,"column":55}},"20":{"start":{"line":23,"column":0},"end":{"line":23,"column":81}},"21":{"start":{"line":24,"column":0},"end":{"line":24,"column":90}},"22":{"start":{"line":25,"column":0},"end":{"line":25,"column":25}}},"fnMap":{"0":{"name":"(anonymous_0)","decl":{"start":{"line":2,"column":56},"end":{"line":2,"column":57}},"loc":{"start":{"line":2,"column":71},"end":{"line":4,"column":1}},"line":2}},"branchMap":{"0":{"loc":{"start":{"line":2,"column":22},"end":{"line":4,"column":1}},"type":"binary-expr","locations":[{"start":{"line":2,"column":23},"end":{"line":2,"column":27}},{"start":{"line":2,"column":31},"end":{"line":2,"column":51}},{"start":{"line":2,"column":56},"end":{"line":4,"column":1}}],"line":2},"1":{"loc":{"start":{"line":3,"column":11},"end":{"line":3,"column":61}},"type":"cond-expr","locations":[{"start":{"line":3,"column":37},"end":{"line":3,"column":40}},{"start":{"line":3,"column":43},"end":{"line":3,"column":61}}],"line":3},"2":{"loc":{"start":{"line":3,"column":12},"end":{"line":3,"column":33}},"type":"binary-expr","locations":[{"start":{"line":3,"column":12},"end":{"line":3,"column":15}},{"start":{"line":3,"column":19},"end":{"line":3,"column":33}}],"line":3}},"s":{"0":1,"1":10,"2":1,"3":1,"4":1,"5":1,"6":1,"7":1,"8":1,"9":1,"10":1,"11":1,"12":1,"13":1,"14":1,"15":1,"16":1,"17":1,"18":1,"19":1,"20":1,"21":1,"22":1},"f":{"0":10},"b":{"0":[1,1,1],"1":[9,1],"2":[10,10]},"_coverageSchema":"1a1c01bbd47fc00a2c39e90264f33305004495a9","hash":"add4b32809c839b98f9e2ace53974ae5e00fd663"}
}
